[ 2017-11-08T13:36:10+08:00 ] 127.0.0.1 /admin.php
INFO: [ app_init ] --START--
INFO: Run Behavior\BuildLiteBehavior [ RunTime:0.000000s ]
INFO: [ app_init ] --END-- [ RunTime:0.000000s ]
INFO: [ app_begin ] --START--
INFO: Run Behavior\ReadHtmlCacheBehavior [ RunTime:0.000000s ]
INFO: [ app_begin ] --END-- [ RunTime:0.000000s ]

[ 2017-11-08T13:36:10+08:00 ] 127.0.0.1 /admin.php/Logreg/login.html
INFO: [ app_init ] --START--
INFO: Run Behavior\BuildLiteBehavior [ RunTime:0.000000s ]
INFO: [ app_init ] --END-- [ RunTime:0.001000s ]
INFO: [ app_begin ] --START--
INFO: Run Behavior\ReadHtmlCacheBehavior [ RunTime:0.001000s ]
INFO: [ app_begin ] --END-- [ RunTime:0.001000s ]
INFO: [ view_parse ] --START--
INFO: [ template_filter ] --START--
INFO: Run Behavior\ContentReplaceBehavior [ RunTime:0.000000s ]
INFO: [ template_filter ] --END-- [ RunTime:0.000000s ]
INFO: Run Behavior\ParseTemplateBehavior [ RunTime:0.004001s ]
INFO: [ view_parse ] --END-- [ RunTime:0.004001s ]
INFO: [ view_filter ] --START--
INFO: Run Behavior\WriteHtmlCacheBehavior [ RunTime:0.000000s ]
INFO: [ view_filter ] --END-- [ RunTime:0.000000s ]
INFO: [ app_end ] --START--
INFO: Run Behavior\ShowPageTraceBehavior [ RunTime:0.001000s ]
INFO: [ app_end ] --END-- [ RunTime:0.001000s ]

[ 2017-11-08T13:36:15+08:00 ] 127.0.0.1 /admin.php/Logreg/logincheck
INFO: [ app_init ] --START--
INFO: Run Behavior\BuildLiteBehavior [ RunTime:0.000000s ]
INFO: [ app_init ] --END-- [ RunTime:0.001000s ]
INFO: [ app_begin ] --START--
INFO: Run Behavior\ReadHtmlCacheBehavior [ RunTime:0.000000s ]
INFO: [ app_begin ] --END-- [ RunTime:0.000000s ]
NOTIC: [8] Undefined index: ver D:\WorkSpace\PhpStorm\cjbyc\www\Apps\Admin\Controller\LogregController.class.php 第 24 行.
SQL: SHOW COLUMNS FROM `g_3146_admin` [ RunTime:0.0030s ]
SQL: SELECT * FROM `g_3146_admin` WHERE ( user_name = 'admin' and password = '601f1889667efaebb33b8c12572835da3f027f78' ) LIMIT 1   [ RunTime:0.0000s ]
SQL: UPDATE `g_3146_admin` SET `last`='1510109116',`login`='1510119375' WHERE ( user_id = 1 ) [ RunTime:0.0000s ]
SQL: SHOW COLUMNS FROM `g_3146_admin_log` [ RunTime:0.0030s ]
SQL: INSERT INTO `g_3146_admin_log` (`log_time`,`user_id`,`log_info`,`ip_address`) VALUES ('1510119375','1','admin登录系统','127.0.0.1') [ RunTime:0.0000s ]

[ 2017-11-08T13:36:15+08:00 ] 127.0.0.1 /admin.php/Index/index.html
INFO: [ app_init ] --START--
INFO: Run Behavior\BuildLiteBehavior [ RunTime:0.000000s ]
INFO: [ app_init ] --END-- [ RunTime:0.000000s ]
INFO: [ app_begin ] --START--
INFO: Run Behavior\ReadHtmlCacheBehavior [ RunTime:0.001000s ]
INFO: [ app_begin ] --END-- [ RunTime:0.001000s ]
SQL: SHOW COLUMNS FROM `g_3146_admin` [ RunTime:0.0040s ]
SQL: SELECT * FROM `g_3146_admin` WHERE ( user_id = 1 ) LIMIT 1   [ RunTime:0.0000s ]
INFO: [ view_parse ] --START--
INFO: [ template_filter ] --START--
INFO: Run Behavior\ContentReplaceBehavior [ RunTime:0.000000s ]
INFO: [ template_filter ] --END-- [ RunTime:0.000000s ]
INFO: Run Behavior\ParseTemplateBehavior [ RunTime:0.007000s ]
INFO: [ view_parse ] --END-- [ RunTime:0.007000s ]
INFO: [ view_filter ] --START--
INFO: Run Behavior\WriteHtmlCacheBehavior [ RunTime:0.000000s ]
INFO: [ view_filter ] --END-- [ RunTime:0.000000s ]
INFO: [ app_end ] --START--
INFO: Run Behavior\ShowPageTraceBehavior [ RunTime:0.001000s ]
INFO: [ app_end ] --END-- [ RunTime:0.001000s ]

[ 2017-11-08T13:36:19+08:00 ] 127.0.0.1 /admin.php/Index/help.html
INFO: [ app_init ] --START--
INFO: Run Behavior\BuildLiteBehavior [ RunTime:0.000000s ]
INFO: [ app_init ] --END-- [ RunTime:0.000000s ]
INFO: [ app_begin ] --START--
INFO: Run Behavior\ReadHtmlCacheBehavior [ RunTime:0.000000s ]
INFO: [ app_begin ] --END-- [ RunTime:0.000000s ]
SQL: SHOW COLUMNS FROM `g_3146_admin` [ RunTime:0.0050s ]
SQL: SELECT * FROM `g_3146_admin` WHERE ( user_id = 1 ) LIMIT 1   [ RunTime:0.0000s ]
NOTIC: [2] file_get_contents(help.txt): failed to open stream: No such file or directory D:\WorkSpace\PhpStorm\cjbyc\www\Apps\Admin\Controller\IndexController.class.php 第 465 行.
INFO: [ view_parse ] --START--
INFO: [ template_filter ] --START--
INFO: Run Behavior\ContentReplaceBehavior [ RunTime:0.000000s ]
INFO: [ template_filter ] --END-- [ RunTime:0.000000s ]
INFO: Run Behavior\ParseTemplateBehavior [ RunTime:0.009001s ]
INFO: [ view_parse ] --END-- [ RunTime:0.009001s ]
INFO: [ view_filter ] --START--
INFO: Run Behavior\WriteHtmlCacheBehavior [ RunTime:0.000000s ]
INFO: [ view_filter ] --END-- [ RunTime:0.001000s ]
INFO: [ app_end ] --START--
INFO: Run Behavior\ShowPageTraceBehavior [ RunTime:0.000000s ]
INFO: [ app_end ] --END-- [ RunTime:0.000000s ]

[ 2017-11-08T13:36:20+08:00 ] 127.0.0.1 /admin.php/Index/help.html
INFO: [ app_init ] --START--
INFO: Run Behavior\BuildLiteBehavior [ RunTime:0.000000s ]
INFO: [ app_init ] --END-- [ RunTime:0.001000s ]
INFO: [ app_begin ] --START--
INFO: Run Behavior\ReadHtmlCacheBehavior [ RunTime:0.001000s ]
INFO: [ app_begin ] --END-- [ RunTime:0.002000s ]
SQL: SHOW COLUMNS FROM `g_3146_admin` [ RunTime:0.0040s ]
SQL: SELECT * FROM `g_3146_admin` WHERE ( user_id = 1 ) LIMIT 1   [ RunTime:0.0000s ]
NOTIC: [2] file_get_contents(help.txt): failed to open stream: No such file or directory D:\WorkSpace\PhpStorm\cjbyc\www\Apps\Admin\Controller\IndexController.class.php 第 465 行.
INFO: [ view_parse ] --START--
INFO: [ template_filter ] --START--
INFO: Run Behavior\ContentReplaceBehavior [ RunTime:0.000000s ]
INFO: [ template_filter ] --END-- [ RunTime:0.000000s ]
INFO: Run Behavior\ParseTemplateBehavior [ RunTime:0.008001s ]
INFO: [ view_parse ] --END-- [ RunTime:0.008001s ]
INFO: [ view_filter ] --START--
INFO: Run Behavior\WriteHtmlCacheBehavior [ RunTime:0.001000s ]
INFO: [ view_filter ] --END-- [ RunTime:0.001000s ]
INFO: [ app_end ] --START--
INFO: Run Behavior\ShowPageTraceBehavior [ RunTime:0.001000s ]
INFO: [ app_end ] --END-- [ RunTime:0.001000s ]

[ 2017-11-08T13:36:22+08:00 ] 127.0.0.1 /admin.php/Index/help.html
INFO: [ app_init ] --START--
INFO: Run Behavior\BuildLiteBehavior [ RunTime:0.000000s ]
INFO: [ app_init ] --END-- [ RunTime:0.001000s ]
INFO: [ app_begin ] --START--
INFO: Run Behavior\ReadHtmlCacheBehavior [ RunTime:0.001000s ]
INFO: [ app_begin ] --END-- [ RunTime:0.001000s ]
SQL: SHOW COLUMNS FROM `g_3146_admin` [ RunTime:0.0030s ]
SQL: SELECT * FROM `g_3146_admin` WHERE ( user_id = 1 ) LIMIT 1   [ RunTime:0.0000s ]
NOTIC: [2] file_get_contents(help.txt): failed to open stream: No such file or directory D:\WorkSpace\PhpStorm\cjbyc\www\Apps\Admin\Controller\IndexController.class.php 第 465 行.
INFO: [ view_parse ] --START--
INFO: [ template_filter ] --START--
INFO: Run Behavior\ContentReplaceBehavior [ RunTime:0.000000s ]
INFO: [ template_filter ] --END-- [ RunTime:0.000000s ]
INFO: Run Behavior\ParseTemplateBehavior [ RunTime:0.007000s ]
INFO: [ view_parse ] --END-- [ RunTime:0.007000s ]
INFO: [ view_filter ] --START--
INFO: Run Behavior\WriteHtmlCacheBehavior [ RunTime:0.000000s ]
INFO: [ view_filter ] --END-- [ RunTime:0.000000s ]
INFO: [ app_end ] --START--
INFO: Run Behavior\ShowPageTraceBehavior [ RunTime:0.001000s ]
INFO: [ app_end ] --END-- [ RunTime:0.001000s ]

[ 2017-11-08T13:36:22+08:00 ] 127.0.0.1 /admin.php/Index/user_list.html
INFO: [ app_init ] --START--
INFO: Run Behavior\BuildLiteBehavior [ RunTime:0.000000s ]
INFO: [ app_init ] --END-- [ RunTime:0.001000s ]
INFO: [ app_begin ] --START--
INFO: Run Behavior\ReadHtmlCacheBehavior [ RunTime:0.001000s ]
INFO: [ app_begin ] --END-- [ RunTime:0.001000s ]
SQL: SHOW COLUMNS FROM `g_3146_admin` [ RunTime:0.0030s ]
SQL: SELECT * FROM `g_3146_admin` WHERE ( user_id = 1 ) LIMIT 1   [ RunTime:0.0000s ]
NOTIC: [8] Undefined index: reg D:\WorkSpace\PhpStorm\cjbyc\www\Apps\Admin\Controller\IndexController.class.php 第 54 行.
NOTIC: [8] Undefined index: reg D:\WorkSpace\PhpStorm\cjbyc\www\Apps\Admin\Controller\IndexController.class.php 第 54 行.
SQL: SHOW COLUMNS FROM `g_3146_user` [ RunTime:0.0030s ]
SQL: SELECT COUNT(u_id) AS tp_count FROM `g_3146_user` WHERE `u_name` is not null LIMIT 1   [ RunTime:0.0010s ]
SQL: SELECT * FROM `g_3146_user` WHERE `u_name` is not null ORDER BY u_id desc LIMIT 0,20   [ RunTime:0.0010s ]
NOTIC: [8] Undefined variable: search D:\WorkSpace\PhpStorm\cjbyc\www\Apps\Admin\Controller\IndexController.class.php 第 67 行.
INFO: [ view_parse ] --START--
INFO: [ template_filter ] --START--
INFO: Run Behavior\ContentReplaceBehavior [ RunTime:0.000000s ]
INFO: [ template_filter ] --END-- [ RunTime:0.000000s ]
INFO: Run Behavior\ParseTemplateBehavior [ RunTime:0.008000s ]
INFO: [ view_parse ] --END-- [ RunTime:0.008000s ]
INFO: [ view_filter ] --START--
INFO: Run Behavior\WriteHtmlCacheBehavior [ RunTime:0.000000s ]
INFO: [ view_filter ] --END-- [ RunTime:0.000000s ]
INFO: [ app_end ] --START--
INFO: Run Behavior\ShowPageTraceBehavior [ RunTime:0.000000s ]
INFO: [ app_end ] --END-- [ RunTime:0.000000s ]

[ 2017-11-08T13:37:34+08:00 ] 127.0.0.1 /admin.php/Index/user_list.html
INFO: [ app_init ] --START--
INFO: Run Behavior\BuildLiteBehavior [ RunTime:0.000000s ]
INFO: [ app_init ] --END-- [ RunTime:0.000000s ]
INFO: [ app_begin ] --START--
INFO: Run Behavior\ReadHtmlCacheBehavior [ RunTime:0.001000s ]
INFO: [ app_begin ] --END-- [ RunTime:0.001000s ]
SQL: SHOW COLUMNS FROM `g_3146_admin` [ RunTime:0.0040s ]
SQL: SELECT * FROM `g_3146_admin` WHERE ( user_id = 1 ) LIMIT 1   [ RunTime:0.0000s ]
NOTIC: [8] Undefined index: reg D:\WorkSpace\PhpStorm\cjbyc\www\Apps\Admin\Controller\IndexController.class.php 第 54 行.
NOTIC: [8] Undefined index: reg D:\WorkSpace\PhpStorm\cjbyc\www\Apps\Admin\Controller\IndexController.class.php 第 54 行.
SQL: SHOW COLUMNS FROM `g_3146_user` [ RunTime:0.0040s ]
SQL: SELECT COUNT(u_id) AS tp_count FROM `g_3146_user` WHERE `u_name` is not null LIMIT 1   [ RunTime:0.0000s ]
SQL: SELECT * FROM `g_3146_user` WHERE `u_name` is not null ORDER BY u_id desc LIMIT 0,20   [ RunTime:0.0000s ]
NOTIC: [8] Undefined variable: search D:\WorkSpace\PhpStorm\cjbyc\www\Apps\Admin\Controller\IndexController.class.php 第 67 行.
INFO: [ view_parse ] --START--
INFO: [ template_filter ] --START--
INFO: Run Behavior\ContentReplaceBehavior [ RunTime:0.000000s ]
INFO: [ template_filter ] --END-- [ RunTime:0.000000s ]
INFO: Run Behavior\ParseTemplateBehavior [ RunTime:0.009000s ]
INFO: [ view_parse ] --END-- [ RunTime:0.009000s ]
INFO: [ view_filter ] --START--
INFO: Run Behavior\WriteHtmlCacheBehavior [ RunTime:0.000000s ]
INFO: [ view_filter ] --END-- [ RunTime:0.001000s ]
INFO: [ app_end ] --START--
INFO: Run Behavior\ShowPageTraceBehavior [ RunTime:0.000000s ]
INFO: [ app_end ] --END-- [ RunTime:0.000000s ]

[ 2017-11-08T13:37:35+08:00 ] 127.0.0.1 /admin.php/Index/help.html
INFO: [ app_init ] --START--
INFO: Run Behavior\BuildLiteBehavior [ RunTime:0.000000s ]
INFO: [ app_init ] --END-- [ RunTime:0.001001s ]
INFO: [ app_begin ] --START--
INFO: Run Behavior\ReadHtmlCacheBehavior [ RunTime:0.001000s ]
INFO: [ app_begin ] --END-- [ RunTime:0.002000s ]
SQL: SHOW COLUMNS FROM `g_3146_admin` [ RunTime:0.0050s ]
SQL: SELECT * FROM `g_3146_admin` WHERE ( user_id = 1 ) LIMIT 1   [ RunTime:0.0010s ]
NOTIC: [2] file_get_contents(help.txt): failed to open stream: No such file or directory D:\WorkSpace\PhpStorm\cjbyc\www\Apps\Admin\Controller\IndexController.class.php 第 465 行.
INFO: [ view_parse ] --START--
INFO: [ template_filter ] --START--
INFO: Run Behavior\ContentReplaceBehavior [ RunTime:0.000000s ]
INFO: [ template_filter ] --END-- [ RunTime:0.000000s ]
INFO: Run Behavior\ParseTemplateBehavior [ RunTime:0.008001s ]
INFO: [ view_parse ] --END-- [ RunTime:0.009001s ]
INFO: [ view_filter ] --START--
INFO: Run Behavior\WriteHtmlCacheBehavior [ RunTime:0.000000s ]
INFO: [ view_filter ] --END-- [ RunTime:0.000000s ]
INFO: [ app_end ] --START--
INFO: Run Behavior\ShowPageTraceBehavior [ RunTime:0.001000s ]
INFO: [ app_end ] --END-- [ RunTime:0.001000s ]

[ 2017-11-08T13:37:36+08:00 ] 127.0.0.1 /admin.php/Index/help.html
INFO: [ app_init ] --START--
INFO: Run Behavior\BuildLiteBehavior [ RunTime:0.000000s ]
INFO: [ app_init ] --END-- [ RunTime:0.000000s ]
INFO: [ app_begin ] --START--
INFO: Run Behavior\ReadHtmlCacheBehavior [ RunTime:0.000000s ]
INFO: [ app_begin ] --END-- [ RunTime:0.001000s ]
SQL: SHOW COLUMNS FROM `g_3146_admin` [ RunTime:0.0030s ]
SQL: SELECT * FROM `g_3146_admin` WHERE ( user_id = 1 ) LIMIT 1   [ RunTime:0.0000s ]
NOTIC: [2] file_get_contents(help.txt): failed to open stream: No such file or directory D:\WorkSpace\PhpStorm\cjbyc\www\Apps\Admin\Controller\IndexController.class.php 第 465 行.
INFO: [ view_parse ] --START--
INFO: [ template_filter ] --START--
INFO: Run Behavior\ContentReplaceBehavior [ RunTime:0.000000s ]
INFO: [ template_filter ] --END-- [ RunTime:0.000000s ]
INFO: Run Behavior\ParseTemplateBehavior [ RunTime:0.005000s ]
INFO: [ view_parse ] --END-- [ RunTime:0.005000s ]
INFO: [ view_filter ] --START--
INFO: Run Behavior\WriteHtmlCacheBehavior [ RunTime:0.000000s ]
INFO: [ view_filter ] --END-- [ RunTime:0.000000s ]
INFO: [ app_end ] --START--
INFO: Run Behavior\ShowPageTraceBehavior [ RunTime:0.000000s ]
INFO: [ app_end ] --END-- [ RunTime:0.000000s ]

[ 2017-11-08T13:37:36+08:00 ] 127.0.0.1 /admin.php/Index/help.html
INFO: [ app_init ] --START--
INFO: Run Behavior\BuildLiteBehavior [ RunTime:0.000000s ]
INFO: [ app_init ] --END-- [ RunTime:0.001000s ]
INFO: [ app_begin ] --START--
INFO: Run Behavior\ReadHtmlCacheBehavior [ RunTime:0.002000s ]
INFO: [ app_begin ] --END-- [ RunTime:0.002000s ]
SQL: SHOW COLUMNS FROM `g_3146_admin` [ RunTime:0.0030s ]
SQL: SELECT * FROM `g_3146_admin` WHERE ( user_id = 1 ) LIMIT 1   [ RunTime:0.0000s ]
NOTIC: [2] file_get_contents(help.txt): failed to open stream: No such file or directory D:\WorkSpace\PhpStorm\cjbyc\www\Apps\Admin\Controller\IndexController.class.php 第 465 行.
INFO: [ view_parse ] --START--
INFO: [ template_filter ] --START--
INFO: Run Behavior\ContentReplaceBehavior [ RunTime:0.000000s ]
INFO: [ template_filter ] --END-- [ RunTime:0.000000s ]
INFO: Run Behavior\ParseTemplateBehavior [ RunTime:0.007001s ]
INFO: [ view_parse ] --END-- [ RunTime:0.007001s ]
INFO: [ view_filter ] --START--
INFO: Run Behavior\WriteHtmlCacheBehavior [ RunTime:0.000000s ]
INFO: [ view_filter ] --END-- [ RunTime:0.000000s ]
INFO: [ app_end ] --START--
INFO: Run Behavior\ShowPageTraceBehavior [ RunTime:0.000000s ]
INFO: [ app_end ] --END-- [ RunTime:0.000000s ]

[ 2017-11-08T13:37:37+08:00 ] 127.0.0.1 /admin.php/Index/help.html
INFO: [ app_init ] --START--
INFO: Run Behavior\BuildLiteBehavior [ RunTime:0.000000s ]
INFO: [ app_init ] --END-- [ RunTime:0.000000s ]
INFO: [ app_begin ] --START--
INFO: Run Behavior\ReadHtmlCacheBehavior [ RunTime:0.000000s ]
INFO: [ app_begin ] --END-- [ RunTime:0.000000s ]
SQL: SHOW COLUMNS FROM `g_3146_admin` [ RunTime:0.0030s ]
SQL: SELECT * FROM `g_3146_admin` WHERE ( user_id = 1 ) LIMIT 1   [ RunTime:0.0000s ]
NOTIC: [2] file_get_contents(help.txt): failed to open stream: No such file or directory D:\WorkSpace\PhpStorm\cjbyc\www\Apps\Admin\Controller\IndexController.class.php 第 465 行.
INFO: [ view_parse ] --START--
INFO: [ template_filter ] --START--
INFO: Run Behavior\ContentReplaceBehavior [ RunTime:0.001000s ]
INFO: [ template_filter ] --END-- [ RunTime:0.001000s ]
INFO: Run Behavior\ParseTemplateBehavior [ RunTime:0.007000s ]
INFO: [ view_parse ] --END-- [ RunTime:0.007000s ]
INFO: [ view_filter ] --START--
INFO: Run Behavior\WriteHtmlCacheBehavior [ RunTime:0.000000s ]
INFO: [ view_filter ] --END-- [ RunTime:0.000000s ]
INFO: [ app_end ] --START--
INFO: Run Behavior\ShowPageTraceBehavior [ RunTime:0.000000s ]
INFO: [ app_end ] --END-- [ RunTime:0.000000s ]

[ 2017-11-08T13:37:38+08:00 ] 127.0.0.1 /admin.php/Index/help.html
INFO: [ app_init ] --START--
INFO: Run Behavior\BuildLiteBehavior [ RunTime:0.000000s ]
INFO: [ app_init ] --END-- [ RunTime:0.001001s ]
INFO: [ app_begin ] --START--
INFO: Run Behavior\ReadHtmlCacheBehavior [ RunTime:0.001000s ]
INFO: [ app_begin ] --END-- [ RunTime:0.001000s ]
SQL: SHOW COLUMNS FROM `g_3146_admin` [ RunTime:0.0040s ]
SQL: SELECT * FROM `g_3146_admin` WHERE ( user_id = 1 ) LIMIT 1   [ RunTime:0.0000s ]
NOTIC: [2] file_get_contents(help.txt): failed to open stream: No such file or directory D:\WorkSpace\PhpStorm\cjbyc\www\Apps\Admin\Controller\IndexController.class.php 第 465 行.
INFO: [ view_parse ] --START--
INFO: [ template_filter ] --START--
INFO: Run Behavior\ContentReplaceBehavior [ RunTime:0.000000s ]
INFO: [ template_filter ] --END-- [ RunTime:0.000000s ]
INFO: Run Behavior\ParseTemplateBehavior [ RunTime:0.010001s ]
INFO: [ view_parse ] --END-- [ RunTime:0.010001s ]
INFO: [ view_filter ] --START--
INFO: Run Behavior\WriteHtmlCacheBehavior [ RunTime:0.000000s ]
INFO: [ view_filter ] --END-- [ RunTime:0.000000s ]
INFO: [ app_end ] --START--
INFO: Run Behavior\ShowPageTraceBehavior [ RunTime:0.001000s ]
INFO: [ app_end ] --END-- [ RunTime:0.001000s ]

[ 2017-11-08T13:37:39+08:00 ] 127.0.0.1 /admin.php/Index/help.html
INFO: [ app_init ] --START--
INFO: Run Behavior\BuildLiteBehavior [ RunTime:0.000000s ]
INFO: [ app_init ] --END-- [ RunTime:0.001000s ]
INFO: [ app_begin ] --START--
INFO: Run Behavior\ReadHtmlCacheBehavior [ RunTime:0.001000s ]
INFO: [ app_begin ] --END-- [ RunTime:0.001000s ]
SQL: SHOW COLUMNS FROM `g_3146_admin` [ RunTime:0.0040s ]
SQL: SELECT * FROM `g_3146_admin` WHERE ( user_id = 1 ) LIMIT 1   [ RunTime:0.0000s ]
NOTIC: [2] file_get_contents(help.txt): failed to open stream: No such file or directory D:\WorkSpace\PhpStorm\cjbyc\www\Apps\Admin\Controller\IndexController.class.php 第 465 行.
INFO: [ view_parse ] --START--
INFO: [ template_filter ] --START--
INFO: Run Behavior\ContentReplaceBehavior [ RunTime:0.001000s ]
INFO: [ template_filter ] --END-- [ RunTime:0.001000s ]
INFO: Run Behavior\ParseTemplateBehavior [ RunTime:0.008001s ]
INFO: [ view_parse ] --END-- [ RunTime:0.008001s ]
INFO: [ view_filter ] --START--
INFO: Run Behavior\WriteHtmlCacheBehavior [ RunTime:0.000000s ]
INFO: [ view_filter ] --END-- [ RunTime:0.000000s ]
INFO: [ app_end ] --START--
INFO: Run Behavior\ShowPageTraceBehavior [ RunTime:0.000000s ]
INFO: [ app_end ] --END-- [ RunTime:0.000000s ]

[ 2017-11-08T13:37:42+08:00 ] 127.0.0.1 /admin.php/Index/help.html
INFO: [ app_init ] --START--
INFO: Run Behavior\BuildLiteBehavior [ RunTime:0.000000s ]
INFO: [ app_init ] --END-- [ RunTime:0.000000s ]
INFO: [ app_begin ] --START--
INFO: Run Behavior\ReadHtmlCacheBehavior [ RunTime:0.001000s ]
INFO: [ app_begin ] --END-- [ RunTime:0.001000s ]
SQL: SHOW COLUMNS FROM `g_3146_admin` [ RunTime:0.0040s ]
SQL: SELECT * FROM `g_3146_admin` WHERE ( user_id = 1 ) LIMIT 1   [ RunTime:0.0000s ]
NOTIC: [2] file_get_contents(help.txt): failed to open stream: No such file or directory D:\WorkSpace\PhpStorm\cjbyc\www\Apps\Admin\Controller\IndexController.class.php 第 465 行.
INFO: [ view_parse ] --START--
INFO: [ template_filter ] --START--
INFO: Run Behavior\ContentReplaceBehavior [ RunTime:0.000000s ]
INFO: [ template_filter ] --END-- [ RunTime:0.000000s ]
INFO: Run Behavior\ParseTemplateBehavior [ RunTime:0.008001s ]
INFO: [ view_parse ] --END-- [ RunTime:0.008001s ]
INFO: [ view_filter ] --START--
INFO: Run Behavior\WriteHtmlCacheBehavior [ RunTime:0.000000s ]
INFO: [ view_filter ] --END-- [ RunTime:0.000000s ]
INFO: [ app_end ] --START--
INFO: Run Behavior\ShowPageTraceBehavior [ RunTime:0.000000s ]
INFO: [ app_end ] --END-- [ RunTime:0.000000s ]

[ 2017-11-08T13:37:43+08:00 ] 127.0.0.1 /admin.php/Index/user_list.html
INFO: [ app_init ] --START--
INFO: Run Behavior\BuildLiteBehavior [ RunTime:0.000000s ]
INFO: [ app_init ] --END-- [ RunTime:0.001000s ]
INFO: [ app_begin ] --START--
INFO: Run Behavior\ReadHtmlCacheBehavior [ RunTime:0.000000s ]
INFO: [ app_begin ] --END-- [ RunTime:0.000000s ]
SQL: SHOW COLUMNS FROM `g_3146_admin` [ RunTime:0.0050s ]
SQL: SELECT * FROM `g_3146_admin` WHERE ( user_id = 1 ) LIMIT 1   [ RunTime:0.0010s ]
NOTIC: [8] Undefined index: reg D:\WorkSpace\PhpStorm\cjbyc\www\Apps\Admin\Controller\IndexController.class.php 第 54 行.
NOTIC: [8] Undefined index: reg D:\WorkSpace\PhpStorm\cjbyc\www\Apps\Admin\Controller\IndexController.class.php 第 54 行.
SQL: SHOW COLUMNS FROM `g_3146_user` [ RunTime:0.0050s ]
SQL: SELECT COUNT(u_id) AS tp_count FROM `g_3146_user` WHERE `u_name` is not null LIMIT 1   [ RunTime:0.0000s ]
SQL: SELECT * FROM `g_3146_user` WHERE `u_name` is not null ORDER BY u_id desc LIMIT 0,20   [ RunTime:0.0010s ]
NOTIC: [8] Undefined variable: search D:\WorkSpace\PhpStorm\cjbyc\www\Apps\Admin\Controller\IndexController.class.php 第 67 行.
INFO: [ view_parse ] --START--
INFO: [ template_filter ] --START--
INFO: Run Behavior\ContentReplaceBehavior [ RunTime:0.000000s ]
INFO: [ template_filter ] --END-- [ RunTime:0.001000s ]
INFO: Run Behavior\ParseTemplateBehavior [ RunTime:0.013001s ]
INFO: [ view_parse ] --END-- [ RunTime:0.013001s ]
INFO: [ view_filter ] --START--
INFO: Run Behavior\WriteHtmlCacheBehavior [ RunTime:0.001000s ]
INFO: [ view_filter ] --END-- [ RunTime:0.001000s ]
INFO: [ app_end ] --START--
INFO: Run Behavior\ShowPageTraceBehavior [ RunTime:0.001000s ]
INFO: [ app_end ] --END-- [ RunTime:0.001000s ]

[ 2017-11-08T13:37:43+08:00 ] 127.0.0.1 /admin.php/Index/user_list.html
INFO: [ app_init ] --START--
INFO: Run Behavior\BuildLiteBehavior [ RunTime:0.000000s ]
INFO: [ app_init ] --END-- [ RunTime:0.000000s ]
INFO: [ app_begin ] --START--
INFO: Run Behavior\ReadHtmlCacheBehavior [ RunTime:0.001000s ]
INFO: [ app_begin ] --END-- [ RunTime:0.001000s ]
SQL: SHOW COLUMNS FROM `g_3146_admin` [ RunTime:0.0030s ]
SQL: SELECT * FROM `g_3146_admin` WHERE ( user_id = 1 ) LIMIT 1   [ RunTime:0.0010s ]
NOTIC: [8] Undefined index: reg D:\WorkSpace\PhpStorm\cjbyc\www\Apps\Admin\Controller\IndexController.class.php 第 54 行.
NOTIC: [8] Undefined index: reg D:\WorkSpace\PhpStorm\cjbyc\www\Apps\Admin\Controller\IndexController.class.php 第 54 行.
SQL: SHOW COLUMNS FROM `g_3146_user` [ RunTime:0.0030s ]
SQL: SELECT COUNT(u_id) AS tp_count FROM `g_3146_user` WHERE `u_name` is not null LIMIT 1   [ RunTime:0.0000s ]
SQL: SELECT * FROM `g_3146_user` WHERE `u_name` is not null ORDER BY u_id desc LIMIT 0,20   [ RunTime:0.0000s ]
NOTIC: [8] Undefined variable: search D:\WorkSpace\PhpStorm\cjbyc\www\Apps\Admin\Controller\IndexController.class.php 第 67 行.
INFO: [ view_parse ] --START--
INFO: [ template_filter ] --START--
INFO: Run Behavior\ContentReplaceBehavior [ RunTime:0.000000s ]
INFO: [ template_filter ] --END-- [ RunTime:0.001000s ]
INFO: Run Behavior\ParseTemplateBehavior [ RunTime:0.008000s ]
INFO: [ view_parse ] --END-- [ RunTime:0.008000s ]
INFO: [ view_filter ] --START--
INFO: Run Behavior\WriteHtmlCacheBehavior [ RunTime:0.001000s ]
INFO: [ view_filter ] --END-- [ RunTime:0.001000s ]
INFO: [ app_end ] --START--
INFO: Run Behavior\ShowPageTraceBehavior [ RunTime:0.001000s ]
INFO: [ app_end ] --END-- [ RunTime:0.001000s ]

[ 2017-11-08T13:48:57+08:00 ] 127.0.0.1 /admin.php/Index/user_list.html
INFO: [ app_init ] --START--
INFO: Run Behavior\BuildLiteBehavior [ RunTime:0.001000s ]
INFO: [ app_init ] --END-- [ RunTime:0.001000s ]
INFO: [ app_begin ] --START--
INFO: Run Behavior\ReadHtmlCacheBehavior [ RunTime:0.001000s ]
INFO: [ app_begin ] --END-- [ RunTime:0.001000s ]
SQL: SHOW COLUMNS FROM `g_3146_admin` [ RunTime:0.0050s ]
SQL: SELECT * FROM `g_3146_admin` WHERE ( user_id = 1 ) LIMIT 1   [ RunTime:0.0000s ]
NOTIC: [8] Undefined index: reg D:\WorkSpace\PhpStorm\cjbyc\www\Apps\Admin\Controller\IndexController.class.php 第 54 行.
NOTIC: [8] Undefined index: reg D:\WorkSpace\PhpStorm\cjbyc\www\Apps\Admin\Controller\IndexController.class.php 第 54 行.
SQL: SHOW COLUMNS FROM `g_3146_user` [ RunTime:0.0030s ]
SQL: SELECT COUNT(u_id) AS tp_count FROM `g_3146_user` WHERE `u_name` is not null LIMIT 1   [ RunTime:0.0000s ]
SQL: SELECT * FROM `g_3146_user` WHERE `u_name` is not null ORDER BY u_id desc LIMIT 0,20   [ RunTime:0.0000s ]
NOTIC: [8] Undefined variable: search D:\WorkSpace\PhpStorm\cjbyc\www\Apps\Admin\Controller\IndexController.class.php 第 67 行.
INFO: [ view_parse ] --START--
INFO: [ template_filter ] --START--
INFO: Run Behavior\ContentReplaceBehavior [ RunTime:0.000000s ]
INFO: [ template_filter ] --END-- [ RunTime:0.000000s ]
INFO: Run Behavior\ParseTemplateBehavior [ RunTime:0.007000s ]
INFO: [ view_parse ] --END-- [ RunTime:0.007000s ]
INFO: [ view_filter ] --START--
INFO: Run Behavior\WriteHtmlCacheBehavior [ RunTime:0.000000s ]
INFO: [ view_filter ] --END-- [ RunTime:0.000000s ]
INFO: [ app_end ] --START--
INFO: Run Behavior\ShowPageTraceBehavior [ RunTime:0.000000s ]
INFO: [ app_end ] --END-- [ RunTime:0.000000s ]

[ 2017-11-08T13:48:58+08:00 ] 127.0.0.1 /admin.php/Index/user_list.html
INFO: [ app_init ] --START--
INFO: Run Behavior\BuildLiteBehavior [ RunTime:0.000000s ]
INFO: [ app_init ] --END-- [ RunTime:0.001000s ]
INFO: [ app_begin ] --START--
INFO: Run Behavior\ReadHtmlCacheBehavior [ RunTime:0.000000s ]
INFO: [ app_begin ] --END-- [ RunTime:0.000000s ]
SQL: SHOW COLUMNS FROM `g_3146_admin` [ RunTime:0.0030s ]
SQL: SELECT * FROM `g_3146_admin` WHERE ( user_id = 1 ) LIMIT 1   [ RunTime:0.0000s ]
NOTIC: [8] Undefined index: reg D:\WorkSpace\PhpStorm\cjbyc\www\Apps\Admin\Controller\IndexController.class.php 第 54 行.
NOTIC: [8] Undefined index: reg D:\WorkSpace\PhpStorm\cjbyc\www\Apps\Admin\Controller\IndexController.class.php 第 54 行.
SQL: SHOW COLUMNS FROM `g_3146_user` [ RunTime:0.0030s ]
SQL: SELECT COUNT(u_id) AS tp_count FROM `g_3146_user` WHERE `u_name` is not null LIMIT 1   [ RunTime:0.0000s ]
SQL: SELECT * FROM `g_3146_user` WHERE `u_name` is not null ORDER BY u_id desc LIMIT 0,20   [ RunTime:0.0000s ]
NOTIC: [8] Undefined variable: search D:\WorkSpace\PhpStorm\cjbyc\www\Apps\Admin\Controller\IndexController.class.php 第 67 行.
INFO: [ view_parse ] --START--
INFO: [ template_filter ] --START--
INFO: Run Behavior\ContentReplaceBehavior [ RunTime:0.000000s ]
INFO: [ template_filter ] --END-- [ RunTime:0.000000s ]
INFO: Run Behavior\ParseTemplateBehavior [ RunTime:0.008000s ]
INFO: [ view_parse ] --END-- [ RunTime:0.008000s ]
INFO: [ view_filter ] --START--
INFO: Run Behavior\WriteHtmlCacheBehavior [ RunTime:0.000000s ]
INFO: [ view_filter ] --END-- [ RunTime:0.001000s ]
INFO: [ app_end ] --START--
INFO: Run Behavior\ShowPageTraceBehavior [ RunTime:0.000000s ]
INFO: [ app_end ] --END-- [ RunTime:0.001000s ]

[ 2017-11-08T13:48:58+08:00 ] 127.0.0.1 /admin.php/Index/user_list.html
INFO: [ app_init ] --START--
INFO: Run Behavior\BuildLiteBehavior [ RunTime:0.000000s ]
INFO: [ app_init ] --END-- [ RunTime:0.000000s ]
INFO: [ app_begin ] --START--
INFO: Run Behavior\ReadHtmlCacheBehavior [ RunTime:0.001000s ]
INFO: [ app_begin ] --END-- [ RunTime:0.001000s ]
SQL: SHOW COLUMNS FROM `g_3146_admin` [ RunTime:0.0030s ]
SQL: SELECT * FROM `g_3146_admin` WHERE ( user_id = 1 ) LIMIT 1   [ RunTime:0.0000s ]
NOTIC: [8] Undefined index: reg D:\WorkSpace\PhpStorm\cjbyc\www\Apps\Admin\Controller\IndexController.class.php 第 54 行.
NOTIC: [8] Undefined index: reg D:\WorkSpace\PhpStorm\cjbyc\www\Apps\Admin\Controller\IndexController.class.php 第 54 行.
SQL: SHOW COLUMNS FROM `g_3146_user` [ RunTime:0.0030s ]
SQL: SELECT COUNT(u_id) AS tp_count FROM `g_3146_user` WHERE `u_name` is not null LIMIT 1   [ RunTime:0.0000s ]
SQL: SELECT * FROM `g_3146_user` WHERE `u_name` is not null ORDER BY u_id desc LIMIT 0,20   [ RunTime:0.0000s ]
NOTIC: [8] Undefined variable: search D:\WorkSpace\PhpStorm\cjbyc\www\Apps\Admin\Controller\IndexController.class.php 第 67 行.
INFO: [ view_parse ] --START--
INFO: [ template_filter ] --START--
INFO: Run Behavior\ContentReplaceBehavior [ RunTime:0.000000s ]
INFO: [ template_filter ] --END-- [ RunTime:0.000000s ]
INFO: Run Behavior\ParseTemplateBehavior [ RunTime:0.008000s ]
INFO: [ view_parse ] --END-- [ RunTime:0.008000s ]
INFO: [ view_filter ] --START--
INFO: Run Behavior\WriteHtmlCacheBehavior [ RunTime:0.000000s ]
INFO: [ view_filter ] --END-- [ RunTime:0.000000s ]
INFO: [ app_end ] --START--
INFO: Run Behavior\ShowPageTraceBehavior [ RunTime:0.000000s ]
INFO: [ app_end ] --END-- [ RunTime:0.000000s ]

[ 2017-11-08T13:59:34+08:00 ] 127.0.0.1 /admin.php/Index/help.html
INFO: [ app_init ] --START--
INFO: Run Behavior\BuildLiteBehavior [ RunTime:0.001000s ]
INFO: [ app_init ] --END-- [ RunTime:0.001000s ]
INFO: [ app_begin ] --START--
INFO: Run Behavior\ReadHtmlCacheBehavior [ RunTime:0.001000s ]
INFO: [ app_begin ] --END-- [ RunTime:0.001000s ]
SQL: SHOW COLUMNS FROM `g_3146_admin` [ RunTime:0.0070s ]
SQL: SELECT * FROM `g_3146_admin` WHERE ( user_id = 1 ) LIMIT 1   [ RunTime:0.0000s ]
NOTIC: [2] file_get_contents(help.txt): failed to open stream: No such file or directory D:\WorkSpace\PhpStorm\cjbyc\www\Apps\Admin\Controller\IndexController.class.php 第 465 行.
INFO: [ view_parse ] --START--
INFO: [ template_filter ] --START--
INFO: Run Behavior\ContentReplaceBehavior [ RunTime:0.000000s ]
INFO: [ template_filter ] --END-- [ RunTime:0.000000s ]
INFO: Run Behavior\ParseTemplateBehavior [ RunTime:0.013000s ]
INFO: [ view_parse ] --END-- [ RunTime:0.013000s ]
INFO: [ view_filter ] --START--
INFO: Run Behavior\WriteHtmlCacheBehavior [ RunTime:0.000000s ]
INFO: [ view_filter ] --END-- [ RunTime:0.000000s ]
INFO: [ app_end ] --START--
INFO: Run Behavior\ShowPageTraceBehavior [ RunTime:0.001000s ]
INFO: [ app_end ] --END-- [ RunTime:0.001000s ]

[ 2017-11-08T13:59:35+08:00 ] 127.0.0.1 /admin.php/Index/help.html
INFO: [ app_init ] --START--
INFO: Run Behavior\BuildLiteBehavior [ RunTime:0.000000s ]
INFO: [ app_init ] --END-- [ RunTime:0.001000s ]
INFO: [ app_begin ] --START--
INFO: Run Behavior\ReadHtmlCacheBehavior [ RunTime:0.001000s ]
INFO: [ app_begin ] --END-- [ RunTime:0.001000s ]
SQL: SHOW COLUMNS FROM `g_3146_admin` [ RunTime:0.0030s ]
SQL: SELECT * FROM `g_3146_admin` WHERE ( user_id = 1 ) LIMIT 1   [ RunTime:0.0000s ]
NOTIC: [2] file_get_contents(help.txt): failed to open stream: No such file or directory D:\WorkSpace\PhpStorm\cjbyc\www\Apps\Admin\Controller\IndexController.class.php 第 465 行.
INFO: [ view_parse ] --START--
INFO: [ template_filter ] --START--
INFO: Run Behavior\ContentReplaceBehavior [ RunTime:0.000000s ]
INFO: [ template_filter ] --END-- [ RunTime:0.000000s ]
INFO: Run Behavior\ParseTemplateBehavior [ RunTime:0.006000s ]
INFO: [ view_parse ] --END-- [ RunTime:0.006000s ]
INFO: [ view_filter ] --START--
INFO: Run Behavior\WriteHtmlCacheBehavior [ RunTime:0.001000s ]
INFO: [ view_filter ] --END-- [ RunTime:0.001000s ]
INFO: [ app_end ] --START--
INFO: Run Behavior\ShowPageTraceBehavior [ RunTime:0.001000s ]
INFO: [ app_end ] --END-- [ RunTime:0.001000s ]

[ 2017-11-08T13:59:35+08:00 ] 127.0.0.1 /admin.php/Index/help.html
INFO: [ app_init ] --START--
INFO: Run Behavior\BuildLiteBehavior [ RunTime:0.000000s ]
INFO: [ app_init ] --END-- [ RunTime:0.000000s ]
INFO: [ app_begin ] --START--
INFO: Run Behavior\ReadHtmlCacheBehavior [ RunTime:0.000000s ]
INFO: [ app_begin ] --END-- [ RunTime:0.001000s ]
SQL: SHOW COLUMNS FROM `g_3146_admin` [ RunTime:0.0030s ]
SQL: SELECT * FROM `g_3146_admin` WHERE ( user_id = 1 ) LIMIT 1   [ RunTime:0.0000s ]
NOTIC: [2] file_get_contents(help.txt): failed to open stream: No such file or directory D:\WorkSpace\PhpStorm\cjbyc\www\Apps\Admin\Controller\IndexController.class.php 第 465 行.
INFO: [ view_parse ] --START--
INFO: [ template_filter ] --START--
INFO: Run Behavior\ContentReplaceBehavior [ RunTime:0.000000s ]
INFO: [ template_filter ] --END-- [ RunTime:0.000000s ]
INFO: Run Behavior\ParseTemplateBehavior [ RunTime:0.006001s ]
INFO: [ view_parse ] --END-- [ RunTime:0.006001s ]
INFO: [ view_filter ] --START--
INFO: Run Behavior\WriteHtmlCacheBehavior [ RunTime:0.001000s ]
INFO: [ view_filter ] --END-- [ RunTime:0.001000s ]
INFO: [ app_end ] --START--
INFO: Run Behavior\ShowPageTraceBehavior [ RunTime:0.001000s ]
INFO: [ app_end ] --END-- [ RunTime:0.001000s ]

[ 2017-11-08T14:02:02+08:00 ] 127.0.0.1 /admin.php/Index/help.html
INFO: [ app_init ] --START--
INFO: Run Behavior\BuildLiteBehavior [ RunTime:0.000000s ]
INFO: [ app_init ] --END-- [ RunTime:0.000000s ]
INFO: [ app_begin ] --START--
INFO: Run Behavior\ReadHtmlCacheBehavior [ RunTime:0.001000s ]
INFO: [ app_begin ] --END-- [ RunTime:0.001000s ]
SQL: SHOW COLUMNS FROM `g_3146_admin` [ RunTime:0.0040s ]
SQL: SELECT * FROM `g_3146_admin` WHERE ( user_id = 1 ) LIMIT 1   [ RunTime:0.0000s ]
NOTIC: [2] file_get_contents(help.txt): failed to open stream: No such file or directory D:\WorkSpace\PhpStorm\cjbyc\www\Apps\Admin\Controller\IndexController.class.php 第 465 行.
INFO: [ view_parse ] --START--
INFO: [ template_filter ] --START--
INFO: Run Behavior\ContentReplaceBehavior [ RunTime:0.000000s ]
INFO: [ template_filter ] --END-- [ RunTime:0.000000s ]
INFO: Run Behavior\ParseTemplateBehavior [ RunTime:0.007000s ]
INFO: [ view_parse ] --END-- [ RunTime:0.008000s ]
INFO: [ view_filter ] --START--
INFO: Run Behavior\WriteHtmlCacheBehavior [ RunTime:0.000000s ]
INFO: [ view_filter ] --END-- [ RunTime:0.000000s ]
INFO: [ app_end ] --START--
INFO: Run Behavior\ShowPageTraceBehavior [ RunTime:0.001000s ]
INFO: [ app_end ] --END-- [ RunTime:0.001000s ]

[ 2017-11-08T14:02:03+08:00 ] 127.0.0.1 /admin.php/Index/help.html
INFO: [ app_init ] --START--
INFO: Run Behavior\BuildLiteBehavior [ RunTime:0.000000s ]
INFO: [ app_init ] --END-- [ RunTime:0.000000s ]
INFO: [ app_begin ] --START--
INFO: Run Behavior\ReadHtmlCacheBehavior [ RunTime:0.001000s ]
INFO: [ app_begin ] --END-- [ RunTime:0.001000s ]
SQL: SHOW COLUMNS FROM `g_3146_admin` [ RunTime:0.0070s ]
SQL: SELECT * FROM `g_3146_admin` WHERE ( user_id = 1 ) LIMIT 1   [ RunTime:0.0010s ]
NOTIC: [2] file_get_contents(help.txt): failed to open stream: No such file or directory D:\WorkSpace\PhpStorm\cjbyc\www\Apps\Admin\Controller\IndexController.class.php 第 465 行.
INFO: [ view_parse ] --START--
INFO: [ template_filter ] --START--
INFO: Run Behavior\ContentReplaceBehavior [ RunTime:0.000000s ]
INFO: [ template_filter ] --END-- [ RunTime:0.000000s ]
INFO: Run Behavior\ParseTemplateBehavior [ RunTime:0.014001s ]
INFO: [ view_parse ] --END-- [ RunTime:0.014001s ]
INFO: [ view_filter ] --START--
INFO: Run Behavior\WriteHtmlCacheBehavior [ RunTime:0.001000s ]
INFO: [ view_filter ] --END-- [ RunTime:0.001000s ]
INFO: [ app_end ] --START--
INFO: Run Behavior\ShowPageTraceBehavior [ RunTime:0.001000s ]
INFO: [ app_end ] --END-- [ RunTime:0.001000s ]

[ 2017-11-08T14:02:04+08:00 ] 127.0.0.1 /admin.php/Index/help.html
INFO: [ app_init ] --START--
INFO: Run Behavior\BuildLiteBehavior [ RunTime:0.000000s ]
INFO: [ app_init ] --END-- [ RunTime:0.001000s ]
INFO: [ app_begin ] --START--
INFO: Run Behavior\ReadHtmlCacheBehavior [ RunTime:0.000000s ]
INFO: [ app_begin ] --END-- [ RunTime:0.000000s ]
SQL: SHOW COLUMNS FROM `g_3146_admin` [ RunTime:0.0050s ]
SQL: SELECT * FROM `g_3146_admin` WHERE ( user_id = 1 ) LIMIT 1   [ RunTime:0.0000s ]
NOTIC: [2] file_get_contents(help.txt): failed to open stream: No such file or directory D:\WorkSpace\PhpStorm\cjbyc\www\Apps\Admin\Controller\IndexController.class.php 第 465 行.
INFO: [ view_parse ] --START--
INFO: [ template_filter ] --START--
INFO: Run Behavior\ContentReplaceBehavior [ RunTime:0.000000s ]
INFO: [ template_filter ] --END-- [ RunTime:0.000000s ]
INFO: Run Behavior\ParseTemplateBehavior [ RunTime:0.006001s ]
INFO: [ view_parse ] --END-- [ RunTime:0.006001s ]
INFO: [ view_filter ] --START--
INFO: Run Behavior\WriteHtmlCacheBehavior [ RunTime:0.000000s ]
INFO: [ view_filter ] --END-- [ RunTime:0.000000s ]
INFO: [ app_end ] --START--
INFO: Run Behavior\ShowPageTraceBehavior [ RunTime:0.001000s ]
INFO: [ app_end ] --END-- [ RunTime:0.001000s ]

[ 2017-11-08T14:02:05+08:00 ] 127.0.0.1 /admin.php/Index/help.html
INFO: [ app_init ] --START--
INFO: Run Behavior\BuildLiteBehavior [ RunTime:0.000000s ]
INFO: [ app_init ] --END-- [ RunTime:0.001000s ]
INFO: [ app_begin ] --START--
INFO: Run Behavior\ReadHtmlCacheBehavior [ RunTime:0.000000s ]
INFO: [ app_begin ] --END-- [ RunTime:0.000000s ]
SQL: SHOW COLUMNS FROM `g_3146_admin` [ RunTime:0.0040s ]
SQL: SELECT * FROM `g_3146_admin` WHERE ( user_id = 1 ) LIMIT 1   [ RunTime:0.0010s ]
NOTIC: [2] file_get_contents(help.txt): failed to open stream: No such file or directory D:\WorkSpace\PhpStorm\cjbyc\www\Apps\Admin\Controller\IndexController.class.php 第 465 行.
INFO: [ view_parse ] --START--
INFO: [ template_filter ] --START--
INFO: Run Behavior\ContentReplaceBehavior [ RunTime:0.000000s ]
INFO: [ template_filter ] --END-- [ RunTime:0.000000s ]
INFO: Run Behavior\ParseTemplateBehavior [ RunTime:0.009000s ]
INFO: [ view_parse ] --END-- [ RunTime:0.009000s ]
INFO: [ view_filter ] --START--
INFO: Run Behavior\WriteHtmlCacheBehavior [ RunTime:0.000000s ]
INFO: [ view_filter ] --END-- [ RunTime:0.000000s ]
INFO: [ app_end ] --START--
INFO: Run Behavior\ShowPageTraceBehavior [ RunTime:0.000000s ]
INFO: [ app_end ] --END-- [ RunTime:0.000000s ]

[ 2017-11-08T14:02:46+08:00 ] 127.0.0.1 /admin.php/Index/help.html
INFO: [ app_init ] --START--
INFO: Run Behavior\BuildLiteBehavior [ RunTime:0.000000s ]
INFO: [ app_init ] --END-- [ RunTime:0.001000s ]
INFO: [ app_begin ] --START--
INFO: Run Behavior\ReadHtmlCacheBehavior [ RunTime:0.001000s ]
INFO: [ app_begin ] --END-- [ RunTime:0.001000s ]
SQL: SHOW COLUMNS FROM `g_3146_admin` [ RunTime:0.0040s ]
SQL: SELECT * FROM `g_3146_admin` WHERE ( user_id = 1 ) LIMIT 1   [ RunTime:0.0000s ]
NOTIC: [2] file_get_contents(help.txt): failed to open stream: No such file or directory D:\WorkSpace\PhpStorm\cjbyc\www\Apps\Admin\Controller\IndexController.class.php 第 465 行.
INFO: [ view_parse ] --START--
INFO: [ template_filter ] --START--
INFO: Run Behavior\ContentReplaceBehavior [ RunTime:0.000000s ]
INFO: [ template_filter ] --END-- [ RunTime:0.000000s ]
INFO: Run Behavior\ParseTemplateBehavior [ RunTime:0.008000s ]
INFO: [ view_parse ] --END-- [ RunTime:0.008000s ]
INFO: [ view_filter ] --START--
INFO: Run Behavior\WriteHtmlCacheBehavior [ RunTime:0.000000s ]
INFO: [ view_filter ] --END-- [ RunTime:0.000000s ]
INFO: [ app_end ] --START--
INFO: Run Behavior\ShowPageTraceBehavior [ RunTime:0.001000s ]
INFO: [ app_end ] --END-- [ RunTime:0.001000s ]

[ 2017-11-08T14:02:47+08:00 ] 127.0.0.1 /admin.php/Index/help.html
INFO: [ app_init ] --START--
INFO: Run Behavior\BuildLiteBehavior [ RunTime:0.000000s ]
INFO: [ app_init ] --END-- [ RunTime:0.000000s ]
INFO: [ app_begin ] --START--
INFO: Run Behavior\ReadHtmlCacheBehavior [ RunTime:0.000000s ]
INFO: [ app_begin ] --END-- [ RunTime:0.001000s ]
SQL: SHOW COLUMNS FROM `g_3146_admin` [ RunTime:0.0030s ]
SQL: SELECT * FROM `g_3146_admin` WHERE ( user_id = 1 ) LIMIT 1   [ RunTime:0.0000s ]
NOTIC: [2] file_get_contents(help.txt): failed to open stream: No such file or directory D:\WorkSpace\PhpStorm\cjbyc\www\Apps\Admin\Controller\IndexController.class.php 第 465 行.
INFO: [ view_parse ] --START--
INFO: [ template_filter ] --START--
INFO: Run Behavior\ContentReplaceBehavior [ RunTime:0.000000s ]
INFO: [ template_filter ] --END-- [ RunTime:0.000000s ]
INFO: Run Behavior\ParseTemplateBehavior [ RunTime:0.006000s ]
INFO: [ view_parse ] --END-- [ RunTime:0.006000s ]
INFO: [ view_filter ] --START--
INFO: Run Behavior\WriteHtmlCacheBehavior [ RunTime:0.001000s ]
INFO: [ view_filter ] --END-- [ RunTime:0.001000s ]
INFO: [ app_end ] --START--
INFO: Run Behavior\ShowPageTraceBehavior [ RunTime:0.001000s ]
INFO: [ app_end ] --END-- [ RunTime:0.001000s ]

[ 2017-11-08T14:04:16+08:00 ] 127.0.0.1 /admin.php/Index/help.html
INFO: [ app_init ] --START--
INFO: Run Behavior\BuildLiteBehavior [ RunTime:0.000000s ]
INFO: [ app_init ] --END-- [ RunTime:0.000000s ]
INFO: [ app_begin ] --START--
INFO: Run Behavior\ReadHtmlCacheBehavior [ RunTime:0.001000s ]
INFO: [ app_begin ] --END-- [ RunTime:0.001000s ]
SQL: SHOW COLUMNS FROM `g_3146_admin` [ RunTime:0.0030s ]
SQL: SELECT * FROM `g_3146_admin` WHERE ( user_id = 1 ) LIMIT 1   [ RunTime:0.0010s ]
NOTIC: [2] file_get_contents(help.txt): failed to open stream: No such file or directory D:\WorkSpace\PhpStorm\cjbyc\www\Apps\Admin\Controller\IndexController.class.php 第 465 行.

[ 2017-11-08T14:04:18+08:00 ] 127.0.0.1 /admin.php/Index/help.html
INFO: [ app_init ] --START--
INFO: Run Behavior\BuildLiteBehavior [ RunTime:0.000000s ]
INFO: [ app_init ] --END-- [ RunTime:0.000000s ]
INFO: [ app_begin ] --START--
INFO: Run Behavior\ReadHtmlCacheBehavior [ RunTime:0.001001s ]
INFO: [ app_begin ] --END-- [ RunTime:0.001001s ]
SQL: SHOW COLUMNS FROM `g_3146_admin` [ RunTime:0.0070s ]
SQL: SELECT * FROM `g_3146_admin` WHERE ( user_id = 1 ) LIMIT 1   [ RunTime:0.0010s ]
NOTIC: [2] file_get_contents(help.txt): failed to open stream: No such file or directory D:\WorkSpace\PhpStorm\cjbyc\www\Apps\Admin\Controller\IndexController.class.php 第 465 行.

[ 2017-11-08T14:04:18+08:00 ] 127.0.0.1 /admin.php/Index/help.html
INFO: [ app_init ] --START--
INFO: Run Behavior\BuildLiteBehavior [ RunTime:0.000000s ]
INFO: [ app_init ] --END-- [ RunTime:0.001000s ]
INFO: [ app_begin ] --START--
INFO: Run Behavior\ReadHtmlCacheBehavior [ RunTime:0.000000s ]
INFO: [ app_begin ] --END-- [ RunTime:0.001000s ]
SQL: SHOW COLUMNS FROM `g_3146_admin` [ RunTime:0.0040s ]
SQL: SELECT * FROM `g_3146_admin` WHERE ( user_id = 1 ) LIMIT 1   [ RunTime:0.0010s ]
NOTIC: [2] file_get_contents(help.txt): failed to open stream: No such file or directory D:\WorkSpace\PhpStorm\cjbyc\www\Apps\Admin\Controller\IndexController.class.php 第 465 行.

[ 2017-11-08T14:04:18+08:00 ] 127.0.0.1 /admin.php/Index/help.html
INFO: [ app_init ] --START--
INFO: Run Behavior\BuildLiteBehavior [ RunTime:0.000000s ]
INFO: [ app_init ] --END-- [ RunTime:0.001000s ]
INFO: [ app_begin ] --START--
INFO: Run Behavior\ReadHtmlCacheBehavior [ RunTime:0.000000s ]
INFO: [ app_begin ] --END-- [ RunTime:0.000000s ]
SQL: SHOW COLUMNS FROM `g_3146_admin` [ RunTime:0.0040s ]
SQL: SELECT * FROM `g_3146_admin` WHERE ( user_id = 1 ) LIMIT 1   [ RunTime:0.0000s ]
NOTIC: [2] file_get_contents(help.txt): failed to open stream: No such file or directory D:\WorkSpace\PhpStorm\cjbyc\www\Apps\Admin\Controller\IndexController.class.php 第 465 行.

[ 2017-11-08T14:04:18+08:00 ] 127.0.0.1 /admin.php/Index/help.html
INFO: [ app_init ] --START--
INFO: Run Behavior\BuildLiteBehavior [ RunTime:0.000000s ]
INFO: [ app_init ] --END-- [ RunTime:0.000000s ]
INFO: [ app_begin ] --START--
INFO: Run Behavior\ReadHtmlCacheBehavior [ RunTime:0.000000s ]
INFO: [ app_begin ] --END-- [ RunTime:0.000000s ]
SQL: SHOW COLUMNS FROM `g_3146_admin` [ RunTime:0.0040s ]
SQL: SELECT * FROM `g_3146_admin` WHERE ( user_id = 1 ) LIMIT 1   [ RunTime:0.0000s ]
NOTIC: [2] file_get_contents(help.txt): failed to open stream: No such file or directory D:\WorkSpace\PhpStorm\cjbyc\www\Apps\Admin\Controller\IndexController.class.php 第 465 行.

[ 2017-11-08T14:04:19+08:00 ] 127.0.0.1 /admin.php/Index/help.html
INFO: [ app_init ] --START--
INFO: Run Behavior\BuildLiteBehavior [ RunTime:0.000000s ]
INFO: [ app_init ] --END-- [ RunTime:0.000000s ]
INFO: [ app_begin ] --START--
INFO: Run Behavior\ReadHtmlCacheBehavior [ RunTime:0.000000s ]
INFO: [ app_begin ] --END-- [ RunTime:0.000000s ]
SQL: SHOW COLUMNS FROM `g_3146_admin` [ RunTime:0.0050s ]
SQL: SELECT * FROM `g_3146_admin` WHERE ( user_id = 1 ) LIMIT 1   [ RunTime:0.0000s ]
NOTIC: [2] file_get_contents(help.txt): failed to open stream: No such file or directory D:\WorkSpace\PhpStorm\cjbyc\www\Apps\Admin\Controller\IndexController.class.php 第 465 行.

[ 2017-11-08T14:04:22+08:00 ] 127.0.0.1 /admin.php/Index/user_list.html
INFO: [ app_init ] --START--
INFO: Run Behavior\BuildLiteBehavior [ RunTime:0.000000s ]
INFO: [ app_init ] --END-- [ RunTime:0.000000s ]
INFO: [ app_begin ] --START--
INFO: Run Behavior\ReadHtmlCacheBehavior [ RunTime:0.001000s ]
INFO: [ app_begin ] --END-- [ RunTime:0.001000s ]
SQL: SHOW COLUMNS FROM `g_3146_admin` [ RunTime:0.0060s ]
SQL: SELECT * FROM `g_3146_admin` WHERE ( user_id = 1 ) LIMIT 1   [ RunTime:0.0000s ]
NOTIC: [8] Undefined index: reg D:\WorkSpace\PhpStorm\cjbyc\www\Apps\Admin\Controller\IndexController.class.php 第 54 行.
NOTIC: [8] Undefined index: reg D:\WorkSpace\PhpStorm\cjbyc\www\Apps\Admin\Controller\IndexController.class.php 第 54 行.
SQL: SHOW COLUMNS FROM `g_3146_user` [ RunTime:0.0040s ]
SQL: SELECT COUNT(u_id) AS tp_count FROM `g_3146_user` WHERE `u_name` is not null LIMIT 1   [ RunTime:0.0010s ]
SQL: SELECT * FROM `g_3146_user` WHERE `u_name` is not null ORDER BY u_id desc LIMIT 0,20   [ RunTime:0.0010s ]
NOTIC: [8] Undefined variable: search D:\WorkSpace\PhpStorm\cjbyc\www\Apps\Admin\Controller\IndexController.class.php 第 67 行.
INFO: [ view_parse ] --START--
INFO: [ template_filter ] --START--
INFO: Run Behavior\ContentReplaceBehavior [ RunTime:0.000000s ]
INFO: [ template_filter ] --END-- [ RunTime:0.000000s ]
INFO: Run Behavior\ParseTemplateBehavior [ RunTime:0.011000s ]
INFO: [ view_parse ] --END-- [ RunTime:0.011000s ]
INFO: [ view_filter ] --START--
INFO: Run Behavior\WriteHtmlCacheBehavior [ RunTime:0.000000s ]
INFO: [ view_filter ] --END-- [ RunTime:0.000000s ]
INFO: [ app_end ] --START--
INFO: Run Behavior\ShowPageTraceBehavior [ RunTime:0.000000s ]
INFO: [ app_end ] --END-- [ RunTime:0.000000s ]

[ 2017-11-08T14:04:23+08:00 ] 127.0.0.1 /admin.php/Index/help.html
INFO: [ app_init ] --START--
INFO: Run Behavior\BuildLiteBehavior [ RunTime:0.000000s ]
INFO: [ app_init ] --END-- [ RunTime:0.000000s ]
INFO: [ app_begin ] --START--
INFO: Run Behavior\ReadHtmlCacheBehavior [ RunTime:0.001000s ]
INFO: [ app_begin ] --END-- [ RunTime:0.001000s ]
SQL: SHOW COLUMNS FROM `g_3146_admin` [ RunTime:0.0050s ]
SQL: SELECT * FROM `g_3146_admin` WHERE ( user_id = 1 ) LIMIT 1   [ RunTime:0.0000s ]
NOTIC: [2] file_get_contents(help.txt): failed to open stream: No such file or directory D:\WorkSpace\PhpStorm\cjbyc\www\Apps\Admin\Controller\IndexController.class.php 第 465 行.

[ 2017-11-08T14:08:09+08:00 ] 127.0.0.1 /admin.php/Index/help.html
INFO: [ app_init ] --START--
INFO: Run Behavior\BuildLiteBehavior [ RunTime:0.000000s ]
INFO: [ app_init ] --END-- [ RunTime:0.001000s ]
INFO: [ app_begin ] --START--
INFO: Run Behavior\ReadHtmlCacheBehavior [ RunTime:0.001000s ]
INFO: [ app_begin ] --END-- [ RunTime:0.001000s ]
SQL: SHOW COLUMNS FROM `g_3146_admin` [ RunTime:0.0030s ]
SQL: SELECT * FROM `g_3146_admin` WHERE ( user_id = 1 ) LIMIT 1   [ RunTime:0.0000s ]
INFO: [ view_parse ] --START--
INFO: [ template_filter ] --START--
INFO: Run Behavior\ContentReplaceBehavior [ RunTime:0.000000s ]
INFO: [ template_filter ] --END-- [ RunTime:0.000000s ]
INFO: Run Behavior\ParseTemplateBehavior [ RunTime:0.006001s ]
INFO: [ view_parse ] --END-- [ RunTime:0.006001s ]
INFO: [ view_filter ] --START--
INFO: Run Behavior\WriteHtmlCacheBehavior [ RunTime:0.000000s ]
INFO: [ view_filter ] --END-- [ RunTime:0.000000s ]
INFO: [ app_end ] --START--
INFO: Run Behavior\ShowPageTraceBehavior [ RunTime:0.001000s ]
INFO: [ app_end ] --END-- [ RunTime:0.001000s ]

[ 2017-11-08T14:08:10+08:00 ] 127.0.0.1 /admin.php/Index/help.html
INFO: [ app_init ] --START--
INFO: Run Behavior\BuildLiteBehavior [ RunTime:0.000000s ]
INFO: [ app_init ] --END-- [ RunTime:0.001000s ]
INFO: [ app_begin ] --START--
INFO: Run Behavior\ReadHtmlCacheBehavior [ RunTime:0.001000s ]
INFO: [ app_begin ] --END-- [ RunTime:0.001000s ]
SQL: SHOW COLUMNS FROM `g_3146_admin` [ RunTime:0.0030s ]
SQL: SELECT * FROM `g_3146_admin` WHERE ( user_id = 1 ) LIMIT 1   [ RunTime:0.0000s ]
INFO: [ view_parse ] --START--
INFO: [ template_filter ] --START--
INFO: Run Behavior\ContentReplaceBehavior [ RunTime:0.000000s ]
INFO: [ template_filter ] --END-- [ RunTime:0.000000s ]
INFO: Run Behavior\ParseTemplateBehavior [ RunTime:0.006000s ]
INFO: [ view_parse ] --END-- [ RunTime:0.006000s ]
INFO: [ view_filter ] --START--
INFO: Run Behavior\WriteHtmlCacheBehavior [ RunTime:0.000000s ]
INFO: [ view_filter ] --END-- [ RunTime:0.000000s ]
INFO: [ app_end ] --START--
INFO: Run Behavior\ShowPageTraceBehavior [ RunTime:0.000000s ]
INFO: [ app_end ] --END-- [ RunTime:0.000000s ]

[ 2017-11-08T14:08:10+08:00 ] 127.0.0.1 /admin.php/Index/help.html
INFO: [ app_init ] --START--
INFO: Run Behavior\BuildLiteBehavior [ RunTime:0.000000s ]
INFO: [ app_init ] --END-- [ RunTime:0.001000s ]
INFO: [ app_begin ] --START--
INFO: Run Behavior\ReadHtmlCacheBehavior [ RunTime:0.001000s ]
INFO: [ app_begin ] --END-- [ RunTime:0.001000s ]
SQL: SHOW COLUMNS FROM `g_3146_admin` [ RunTime:0.0030s ]
SQL: SELECT * FROM `g_3146_admin` WHERE ( user_id = 1 ) LIMIT 1   [ RunTime:0.0000s ]
INFO: [ view_parse ] --START--
INFO: [ template_filter ] --START--
INFO: Run Behavior\ContentReplaceBehavior [ RunTime:0.000000s ]
INFO: [ template_filter ] --END-- [ RunTime:0.000000s ]
INFO: Run Behavior\ParseTemplateBehavior [ RunTime:0.005000s ]
INFO: [ view_parse ] --END-- [ RunTime:0.006001s ]
INFO: [ view_filter ] --START--
INFO: Run Behavior\WriteHtmlCacheBehavior [ RunTime:0.000000s ]
INFO: [ view_filter ] --END-- [ RunTime:0.000000s ]
INFO: [ app_end ] --START--
INFO: Run Behavior\ShowPageTraceBehavior [ RunTime:0.001000s ]
INFO: [ app_end ] --END-- [ RunTime:0.001000s ]

[ 2017-11-08T14:08:20+08:00 ] 127.0.0.1 /admin.php/Index/help_save
INFO: [ app_init ] --START--
INFO: Run Behavior\BuildLiteBehavior [ RunTime:0.000000s ]
INFO: [ app_init ] --END-- [ RunTime:0.000000s ]
INFO: [ app_begin ] --START--
INFO: Run Behavior\ReadHtmlCacheBehavior [ RunTime:0.001000s ]
INFO: [ app_begin ] --END-- [ RunTime:0.001000s ]
SQL: SHOW COLUMNS FROM `g_3146_admin` [ RunTime:0.0020s ]
SQL: SELECT * FROM `g_3146_admin` WHERE ( user_id = 1 ) LIMIT 1   [ RunTime:0.0000s ]

[ 2017-11-08T14:08:24+08:00 ] 127.0.0.1 /admin.php/Index/help.html
INFO: [ app_init ] --START--
INFO: Run Behavior\BuildLiteBehavior [ RunTime:0.000000s ]
INFO: [ app_init ] --END-- [ RunTime:0.000000s ]
INFO: [ app_begin ] --START--
INFO: Run Behavior\ReadHtmlCacheBehavior [ RunTime:0.000000s ]
INFO: [ app_begin ] --END-- [ RunTime:0.001000s ]
SQL: SHOW COLUMNS FROM `g_3146_admin` [ RunTime:0.0040s ]
SQL: SELECT * FROM `g_3146_admin` WHERE ( user_id = 1 ) LIMIT 1   [ RunTime:0.0000s ]
INFO: [ view_parse ] --START--
INFO: [ template_filter ] --START--
INFO: Run Behavior\ContentReplaceBehavior [ RunTime:0.000000s ]
INFO: [ template_filter ] --END-- [ RunTime:0.000000s ]
INFO: Run Behavior\ParseTemplateBehavior [ RunTime:0.008001s ]
INFO: [ view_parse ] --END-- [ RunTime:0.008001s ]
INFO: [ view_filter ] --START--
INFO: Run Behavior\WriteHtmlCacheBehavior [ RunTime:0.001000s ]
INFO: [ view_filter ] --END-- [ RunTime:0.001000s ]
INFO: [ app_end ] --START--
INFO: Run Behavior\ShowPageTraceBehavior [ RunTime:0.001000s ]
INFO: [ app_end ] --END-- [ RunTime:0.001000s ]

[ 2017-11-08T14:08:24+08:00 ] 127.0.0.1 /admin.php/Index/help.html
INFO: [ app_init ] --START--
INFO: Run Behavior\BuildLiteBehavior [ RunTime:0.000000s ]
INFO: [ app_init ] --END-- [ RunTime:0.000000s ]
INFO: [ app_begin ] --START--
INFO: Run Behavior\ReadHtmlCacheBehavior [ RunTime:0.001000s ]
INFO: [ app_begin ] --END-- [ RunTime:0.001000s ]
SQL: SHOW COLUMNS FROM `g_3146_admin` [ RunTime:0.0040s ]
SQL: SELECT * FROM `g_3146_admin` WHERE ( user_id = 1 ) LIMIT 1   [ RunTime:0.0000s ]
INFO: [ view_parse ] --START--
INFO: [ template_filter ] --START--
INFO: Run Behavior\ContentReplaceBehavior [ RunTime:0.001000s ]
INFO: [ template_filter ] --END-- [ RunTime:0.001000s ]
INFO: Run Behavior\ParseTemplateBehavior [ RunTime:0.007000s ]
INFO: [ view_parse ] --END-- [ RunTime:0.007000s ]
INFO: [ view_filter ] --START--
INFO: Run Behavior\WriteHtmlCacheBehavior [ RunTime:0.000000s ]
INFO: [ view_filter ] --END-- [ RunTime:0.000000s ]
INFO: [ app_end ] --START--
INFO: Run Behavior\ShowPageTraceBehavior [ RunTime:0.000000s ]
INFO: [ app_end ] --END-- [ RunTime:0.000000s ]

[ 2017-11-08T14:08:28+08:00 ] 127.0.0.1 /admin.php/Index/help_save
INFO: [ app_init ] --START--
INFO: Run Behavior\BuildLiteBehavior [ RunTime:0.000000s ]
INFO: [ app_init ] --END-- [ RunTime:0.000000s ]
INFO: [ app_begin ] --START--
INFO: Run Behavior\ReadHtmlCacheBehavior [ RunTime:0.001000s ]
INFO: [ app_begin ] --END-- [ RunTime:0.001000s ]
SQL: SHOW COLUMNS FROM `g_3146_admin` [ RunTime:0.0050s ]
SQL: SELECT * FROM `g_3146_admin` WHERE ( user_id = 1 ) LIMIT 1   [ RunTime:0.0000s ]

[ 2017-11-08T14:08:32+08:00 ] 127.0.0.1 /admin.php/Index/goods_list.html
INFO: [ app_init ] --START--
INFO: Run Behavior\BuildLiteBehavior [ RunTime:0.000000s ]
INFO: [ app_init ] --END-- [ RunTime:0.001000s ]
INFO: [ app_begin ] --START--
INFO: Run Behavior\ReadHtmlCacheBehavior [ RunTime:0.000000s ]
INFO: [ app_begin ] --END-- [ RunTime:0.000000s ]
SQL: SHOW COLUMNS FROM `g_3146_admin` [ RunTime:0.0040s ]
SQL: SELECT * FROM `g_3146_admin` WHERE ( user_id = 1 ) LIMIT 1   [ RunTime:0.0000s ]
SQL: SHOW COLUMNS FROM `g_3146_goods` [ RunTime:0.0040s ]
SQL: SELECT COUNT(g_id) AS tp_count FROM `g_3146_goods` WHERE (  1 ) LIMIT 1   [ RunTime:0.0000s ]
SQL: SELECT * FROM `g_3146_goods` WHERE (  1 ) ORDER BY g_type LIMIT 0,20   [ RunTime:0.0010s ]
NOTIC: [8] Undefined variable: search D:\WorkSpace\PhpStorm\cjbyc\www\Apps\Admin\Controller\IndexController.class.php 第 127 行.
INFO: [ view_parse ] --START--
INFO: [ template_filter ] --START--
INFO: Run Behavior\ContentReplaceBehavior [ RunTime:0.000000s ]
INFO: [ template_filter ] --END-- [ RunTime:0.000000s ]

[ 2017-11-08T14:08:38+08:00 ] 127.0.0.1 /admin.php/Index/award.html
INFO: [ app_init ] --START--
INFO: Run Behavior\BuildLiteBehavior [ RunTime:0.000000s ]
INFO: [ app_init ] --END-- [ RunTime:0.000000s ]
INFO: [ app_begin ] --START--
INFO: Run Behavior\ReadHtmlCacheBehavior [ RunTime:0.001000s ]
INFO: [ app_begin ] --END-- [ RunTime:0.001000s ]
SQL: SHOW COLUMNS FROM `g_3146_admin` [ RunTime:0.0050s ]
SQL: SELECT * FROM `g_3146_admin` WHERE ( user_id = 1 ) LIMIT 1   [ RunTime:0.0010s ]
SQL: SHOW COLUMNS FROM `g_3146_lottery` [ RunTime:0.0040s ]
SQL: SELECT `lottery` FROM `g_3146_lottery` WHERE ( id = 1 ) LIMIT 1   [ RunTime:0.0000s ]
INFO: [ view_parse ] --START--
INFO: [ template_filter ] --START--
INFO: Run Behavior\ContentReplaceBehavior [ RunTime:0.000000s ]
INFO: [ template_filter ] --END-- [ RunTime:0.000000s ]
INFO: Run Behavior\ParseTemplateBehavior [ RunTime:0.011001s ]
INFO: [ view_parse ] --END-- [ RunTime:0.012001s ]
INFO: [ view_filter ] --START--
INFO: Run Behavior\WriteHtmlCacheBehavior [ RunTime:0.000000s ]
INFO: [ view_filter ] --END-- [ RunTime:0.000000s ]
INFO: [ app_end ] --START--
INFO: Run Behavior\ShowPageTraceBehavior [ RunTime:0.001000s ]
INFO: [ app_end ] --END-- [ RunTime:0.001000s ]

[ 2017-11-08T14:08:40+08:00 ] 127.0.0.1 /admin.php/Index/user_list.html
INFO: [ app_init ] --START--
INFO: Run Behavior\BuildLiteBehavior [ RunTime:0.000000s ]
INFO: [ app_init ] --END-- [ RunTime:0.001000s ]
INFO: [ app_begin ] --START--
INFO: Run Behavior\ReadHtmlCacheBehavior [ RunTime:0.001000s ]
INFO: [ app_begin ] --END-- [ RunTime:0.001000s ]
SQL: SHOW COLUMNS FROM `g_3146_admin` [ RunTime:0.0050s ]
SQL: SELECT * FROM `g_3146_admin` WHERE ( user_id = 1 ) LIMIT 1   [ RunTime:0.0000s ]
NOTIC: [8] Undefined index: reg D:\WorkSpace\PhpStorm\cjbyc\www\Apps\Admin\Controller\IndexController.class.php 第 54 行.
NOTIC: [8] Undefined index: reg D:\WorkSpace\PhpStorm\cjbyc\www\Apps\Admin\Controller\IndexController.class.php 第 54 行.
SQL: SHOW COLUMNS FROM `g_3146_user` [ RunTime:0.0040s ]
SQL: SELECT COUNT(u_id) AS tp_count FROM `g_3146_user` WHERE `u_name` is not null LIMIT 1   [ RunTime:0.0000s ]
SQL: SELECT * FROM `g_3146_user` WHERE `u_name` is not null ORDER BY u_id desc LIMIT 0,20   [ RunTime:0.0010s ]
NOTIC: [8] Undefined variable: search D:\WorkSpace\PhpStorm\cjbyc\www\Apps\Admin\Controller\IndexController.class.php 第 67 行.
INFO: [ view_parse ] --START--
INFO: [ template_filter ] --START--
INFO: Run Behavior\ContentReplaceBehavior [ RunTime:0.000000s ]
INFO: [ template_filter ] --END-- [ RunTime:0.000000s ]
INFO: Run Behavior\ParseTemplateBehavior [ RunTime:0.014001s ]
INFO: [ view_parse ] --END-- [ RunTime:0.014001s ]
INFO: [ view_filter ] --START--
INFO: Run Behavior\WriteHtmlCacheBehavior [ RunTime:0.001000s ]
INFO: [ view_filter ] --END-- [ RunTime:0.001000s ]
INFO: [ app_end ] --START--
INFO: Run Behavior\ShowPageTraceBehavior [ RunTime:0.001000s ]
INFO: [ app_end ] --END-- [ RunTime:0.001000s ]

[ 2017-11-08T14:09:40+08:00 ] 127.0.0.1 /admin.php/Index/help.html
INFO: [ app_init ] --START--
INFO: Run Behavior\BuildLiteBehavior [ RunTime:0.000000s ]
INFO: [ app_init ] --END-- [ RunTime:0.000000s ]
INFO: [ app_begin ] --START--
INFO: Run Behavior\ReadHtmlCacheBehavior [ RunTime:0.000000s ]
INFO: [ app_begin ] --END-- [ RunTime:0.000000s ]
SQL: SHOW COLUMNS FROM `g_3146_admin` [ RunTime:0.0050s ]
SQL: SELECT * FROM `g_3146_admin` WHERE ( user_id = 1 ) LIMIT 1   [ RunTime:0.0000s ]
INFO: [ view_parse ] --START--
INFO: [ template_filter ] --START--
INFO: Run Behavior\ContentReplaceBehavior [ RunTime:0.000000s ]
INFO: [ template_filter ] --END-- [ RunTime:0.000000s ]
INFO: Run Behavior\ParseTemplateBehavior [ RunTime:0.007000s ]
INFO: [ view_parse ] --END-- [ RunTime:0.007000s ]
INFO: [ view_filter ] --START--
INFO: Run Behavior\WriteHtmlCacheBehavior [ RunTime:0.000000s ]
INFO: [ view_filter ] --END-- [ RunTime:0.000000s ]
INFO: [ app_end ] --START--
INFO: Run Behavior\ShowPageTraceBehavior [ RunTime:0.000000s ]
INFO: [ app_end ] --END-- [ RunTime:0.000000s ]

[ 2017-11-08T14:09:40+08:00 ] 127.0.0.1 /admin.php/Index/help.html
INFO: [ app_init ] --START--
INFO: Run Behavior\BuildLiteBehavior [ RunTime:0.000000s ]
INFO: [ app_init ] --END-- [ RunTime:0.000000s ]
INFO: [ app_begin ] --START--
INFO: Run Behavior\ReadHtmlCacheBehavior [ RunTime:0.001000s ]
INFO: [ app_begin ] --END-- [ RunTime:0.001000s ]
SQL: SHOW COLUMNS FROM `g_3146_admin` [ RunTime:0.0050s ]
SQL: SELECT * FROM `g_3146_admin` WHERE ( user_id = 1 ) LIMIT 1   [ RunTime:0.0000s ]
INFO: [ view_parse ] --START--
INFO: [ template_filter ] --START--
INFO: Run Behavior\ContentReplaceBehavior [ RunTime:0.000000s ]
INFO: [ template_filter ] --END-- [ RunTime:0.000000s ]
INFO: Run Behavior\ParseTemplateBehavior [ RunTime:0.008000s ]
INFO: [ view_parse ] --END-- [ RunTime:0.008000s ]
INFO: [ view_filter ] --START--
INFO: Run Behavior\WriteHtmlCacheBehavior [ RunTime:0.000000s ]
INFO: [ view_filter ] --END-- [ RunTime:0.001000s ]
INFO: [ app_end ] --START--
INFO: Run Behavior\ShowPageTraceBehavior [ RunTime:0.000000s ]
INFO: [ app_end ] --END-- [ RunTime:0.001000s ]

[ 2017-11-08T14:09:41+08:00 ] 127.0.0.1 /admin.php/Index/user_list.html
INFO: [ app_init ] --START--
INFO: Run Behavior\BuildLiteBehavior [ RunTime:0.000000s ]
INFO: [ app_init ] --END-- [ RunTime:0.001000s ]
INFO: [ app_begin ] --START--
INFO: Run Behavior\ReadHtmlCacheBehavior [ RunTime:0.001000s ]
INFO: [ app_begin ] --END-- [ RunTime:0.001000s ]
SQL: SHOW COLUMNS FROM `g_3146_admin` [ RunTime:0.0030s ]
SQL: SELECT * FROM `g_3146_admin` WHERE ( user_id = 1 ) LIMIT 1   [ RunTime:0.0000s ]
NOTIC: [8] Undefined index: reg D:\WorkSpace\PhpStorm\cjbyc\www\Apps\Admin\Controller\IndexController.class.php 第 54 行.
NOTIC: [8] Undefined index: reg D:\WorkSpace\PhpStorm\cjbyc\www\Apps\Admin\Controller\IndexController.class.php 第 54 行.
SQL: SHOW COLUMNS FROM `g_3146_user` [ RunTime:0.0020s ]
SQL: SELECT COUNT(u_id) AS tp_count FROM `g_3146_user` WHERE `u_name` is not null LIMIT 1   [ RunTime:0.0000s ]
SQL: SELECT * FROM `g_3146_user` WHERE `u_name` is not null ORDER BY u_id desc LIMIT 0,20   [ RunTime:0.0000s ]
NOTIC: [8] Undefined variable: search D:\WorkSpace\PhpStorm\cjbyc\www\Apps\Admin\Controller\IndexController.class.php 第 67 行.
INFO: [ view_parse ] --START--
INFO: [ template_filter ] --START--
INFO: Run Behavior\ContentReplaceBehavior [ RunTime:0.000000s ]
INFO: [ template_filter ] --END-- [ RunTime:0.000000s ]
INFO: Run Behavior\ParseTemplateBehavior [ RunTime:0.009000s ]
INFO: [ view_parse ] --END-- [ RunTime:0.009000s ]
INFO: [ view_filter ] --START--
INFO: Run Behavior\WriteHtmlCacheBehavior [ RunTime:0.000000s ]
INFO: [ view_filter ] --END-- [ RunTime:0.000000s ]
INFO: [ app_end ] --START--
INFO: Run Behavior\ShowPageTraceBehavior [ RunTime:0.001000s ]
INFO: [ app_end ] --END-- [ RunTime:0.001000s ]

[ 2017-11-08T14:09:42+08:00 ] 127.0.0.1 /admin.php/Index/help.html
INFO: [ app_init ] --START--
INFO: Run Behavior\BuildLiteBehavior [ RunTime:0.000000s ]
INFO: [ app_init ] --END-- [ RunTime:0.001000s ]
INFO: [ app_begin ] --START--
INFO: Run Behavior\ReadHtmlCacheBehavior [ RunTime:0.001000s ]
INFO: [ app_begin ] --END-- [ RunTime:0.001000s ]
SQL: SHOW COLUMNS FROM `g_3146_admin` [ RunTime:0.0050s ]
SQL: SELECT * FROM `g_3146_admin` WHERE ( user_id = 1 ) LIMIT 1   [ RunTime:0.0000s ]
INFO: [ view_parse ] --START--
INFO: [ template_filter ] --START--
INFO: Run Behavior\ContentReplaceBehavior [ RunTime:0.000000s ]
INFO: [ template_filter ] --END-- [ RunTime:0.000000s ]
INFO: Run Behavior\ParseTemplateBehavior [ RunTime:0.009001s ]
INFO: [ view_parse ] --END-- [ RunTime:0.009001s ]
INFO: [ view_filter ] --START--
INFO: Run Behavior\WriteHtmlCacheBehavior [ RunTime:0.000000s ]
INFO: [ view_filter ] --END-- [ RunTime:0.000000s ]
INFO: [ app_end ] --START--
INFO: Run Behavior\ShowPageTraceBehavior [ RunTime:0.000000s ]
INFO: [ app_end ] --END-- [ RunTime:0.000000s ]

[ 2017-11-08T14:10:01+08:00 ] 127.0.0.1 /admin.php/Index/help.html
INFO: [ app_init ] --START--
INFO: Run Behavior\BuildLiteBehavior [ RunTime:0.000000s ]
INFO: [ app_init ] --END-- [ RunTime:0.001000s ]
INFO: [ app_begin ] --START--
INFO: Run Behavior\ReadHtmlCacheBehavior [ RunTime:0.001000s ]
INFO: [ app_begin ] --END-- [ RunTime:0.001000s ]
SQL: SHOW COLUMNS FROM `g_3146_admin` [ RunTime:0.0020s ]
SQL: SELECT * FROM `g_3146_admin` WHERE ( user_id = 1 ) LIMIT 1   [ RunTime:0.0010s ]
INFO: [ view_parse ] --START--
INFO: [ template_filter ] --START--
INFO: Run Behavior\ContentReplaceBehavior [ RunTime:0.000000s ]
INFO: [ template_filter ] --END-- [ RunTime:0.000000s ]
INFO: Run Behavior\ParseTemplateBehavior [ RunTime:0.005000s ]
INFO: [ view_parse ] --END-- [ RunTime:0.005000s ]
INFO: [ view_filter ] --START--
INFO: Run Behavior\WriteHtmlCacheBehavior [ RunTime:0.000000s ]
INFO: [ view_filter ] --END-- [ RunTime:0.000000s ]
INFO: [ app_end ] --START--
INFO: Run Behavior\ShowPageTraceBehavior [ RunTime:0.000000s ]
INFO: [ app_end ] --END-- [ RunTime:0.000000s ]

[ 2017-11-08T14:10:02+08:00 ] 127.0.0.1 /admin.php/Index/user_list.html
INFO: [ app_init ] --START--
INFO: Run Behavior\BuildLiteBehavior [ RunTime:0.001000s ]
INFO: [ app_init ] --END-- [ RunTime:0.001000s ]
INFO: [ app_begin ] --START--
INFO: Run Behavior\ReadHtmlCacheBehavior [ RunTime:0.000000s ]
INFO: [ app_begin ] --END-- [ RunTime:0.000000s ]
SQL: SHOW COLUMNS FROM `g_3146_admin` [ RunTime:0.0030s ]
SQL: SELECT * FROM `g_3146_admin` WHERE ( user_id = 1 ) LIMIT 1   [ RunTime:0.0000s ]
NOTIC: [8] Undefined index: reg D:\WorkSpace\PhpStorm\cjbyc\www\Apps\Admin\Controller\IndexController.class.php 第 54 行.
NOTIC: [8] Undefined index: reg D:\WorkSpace\PhpStorm\cjbyc\www\Apps\Admin\Controller\IndexController.class.php 第 54 行.
SQL: SHOW COLUMNS FROM `g_3146_user` [ RunTime:0.0030s ]
SQL: SELECT COUNT(u_id) AS tp_count FROM `g_3146_user` WHERE `u_name` is not null LIMIT 1   [ RunTime:0.0010s ]
SQL: SELECT * FROM `g_3146_user` WHERE `u_name` is not null ORDER BY u_id desc LIMIT 0,20   [ RunTime:0.0010s ]
NOTIC: [8] Undefined variable: search D:\WorkSpace\PhpStorm\cjbyc\www\Apps\Admin\Controller\IndexController.class.php 第 67 行.
INFO: [ view_parse ] --START--
INFO: [ template_filter ] --START--
INFO: Run Behavior\ContentReplaceBehavior [ RunTime:0.000000s ]
INFO: [ template_filter ] --END-- [ RunTime:0.000000s ]
INFO: Run Behavior\ParseTemplateBehavior [ RunTime:0.008000s ]
INFO: [ view_parse ] --END-- [ RunTime:0.008000s ]
INFO: [ view_filter ] --START--
INFO: Run Behavior\WriteHtmlCacheBehavior [ RunTime:0.000000s ]
INFO: [ view_filter ] --END-- [ RunTime:0.000000s ]
INFO: [ app_end ] --START--
INFO: Run Behavior\ShowPageTraceBehavior [ RunTime:0.001000s ]
INFO: [ app_end ] --END-- [ RunTime:0.001000s ]

[ 2017-11-08T14:13:06+08:00 ] 127.0.0.1 /admin.php/Index/user_list.html
INFO: [ app_init ] --START--
INFO: Run Behavior\BuildLiteBehavior [ RunTime:0.000000s ]
INFO: [ app_init ] --END-- [ RunTime:0.000000s ]
INFO: [ app_begin ] --START--
INFO: Run Behavior\ReadHtmlCacheBehavior [ RunTime:0.001000s ]
INFO: [ app_begin ] --END-- [ RunTime:0.002000s ]
SQL: SHOW COLUMNS FROM `g_3146_admin` [ RunTime:0.0070s ]
SQL: SELECT * FROM `g_3146_admin` WHERE ( user_id = 1 ) LIMIT 1   [ RunTime:0.0000s ]
NOTIC: [8] Undefined index: reg D:\WorkSpace\PhpStorm\cjbyc\www\Apps\Admin\Controller\IndexController.class.php 第 54 行.
NOTIC: [8] Undefined index: reg D:\WorkSpace\PhpStorm\cjbyc\www\Apps\Admin\Controller\IndexController.class.php 第 54 行.
SQL: SHOW COLUMNS FROM `g_3146_user` [ RunTime:0.0070s ]
SQL: SELECT COUNT(u_id) AS tp_count FROM `g_3146_user` WHERE `u_name` is not null LIMIT 1   [ RunTime:0.0010s ]
SQL: SELECT * FROM `g_3146_user` WHERE `u_name` is not null ORDER BY u_id desc LIMIT 0,20   [ RunTime:0.0010s ]
NOTIC: [8] Undefined variable: search D:\WorkSpace\PhpStorm\cjbyc\www\Apps\Admin\Controller\IndexController.class.php 第 67 行.
INFO: [ view_parse ] --START--
INFO: [ template_filter ] --START--
INFO: Run Behavior\ContentReplaceBehavior [ RunTime:0.000000s ]
INFO: [ template_filter ] --END-- [ RunTime:0.000000s ]
INFO: Run Behavior\ParseTemplateBehavior [ RunTime:0.016001s ]
INFO: [ view_parse ] --END-- [ RunTime:0.016001s ]
INFO: [ view_filter ] --START--
INFO: Run Behavior\WriteHtmlCacheBehavior [ RunTime:0.001000s ]
INFO: [ view_filter ] --END-- [ RunTime:0.001000s ]
INFO: [ app_end ] --START--
INFO: Run Behavior\ShowPageTraceBehavior [ RunTime:0.001000s ]
INFO: [ app_end ] --END-- [ RunTime:0.001000s ]

[ 2017-11-08T14:13:07+08:00 ] 127.0.0.1 /admin.php/Index/user_list.html
INFO: [ app_init ] --START--
INFO: Run Behavior\BuildLiteBehavior [ RunTime:0.000000s ]
INFO: [ app_init ] --END-- [ RunTime:0.000000s ]
INFO: [ app_begin ] --START--
INFO: Run Behavior\ReadHtmlCacheBehavior [ RunTime:0.000000s ]
INFO: [ app_begin ] --END-- [ RunTime:0.001000s ]
SQL: SHOW COLUMNS FROM `g_3146_admin` [ RunTime:0.0040s ]
SQL: SELECT * FROM `g_3146_admin` WHERE ( user_id = 1 ) LIMIT 1   [ RunTime:0.0010s ]
NOTIC: [8] Undefined index: reg D:\WorkSpace\PhpStorm\cjbyc\www\Apps\Admin\Controller\IndexController.class.php 第 54 行.
NOTIC: [8] Undefined index: reg D:\WorkSpace\PhpStorm\cjbyc\www\Apps\Admin\Controller\IndexController.class.php 第 54 行.
SQL: SHOW COLUMNS FROM `g_3146_user` [ RunTime:0.0040s ]
SQL: SELECT COUNT(u_id) AS tp_count FROM `g_3146_user` WHERE `u_name` is not null LIMIT 1   [ RunTime:0.0010s ]
SQL: SELECT * FROM `g_3146_user` WHERE `u_name` is not null ORDER BY u_id desc LIMIT 0,20   [ RunTime:0.0000s ]
NOTIC: [8] Undefined variable: search D:\WorkSpace\PhpStorm\cjbyc\www\Apps\Admin\Controller\IndexController.class.php 第 67 行.
INFO: [ view_parse ] --START--
INFO: [ template_filter ] --START--
INFO: Run Behavior\ContentReplaceBehavior [ RunTime:0.000000s ]
INFO: [ template_filter ] --END-- [ RunTime:0.000000s ]
INFO: Run Behavior\ParseTemplateBehavior [ RunTime:0.010000s ]
INFO: [ view_parse ] --END-- [ RunTime:0.010000s ]
INFO: [ view_filter ] --START--
INFO: Run Behavior\WriteHtmlCacheBehavior [ RunTime:0.001000s ]
INFO: [ view_filter ] --END-- [ RunTime:0.001000s ]
INFO: [ app_end ] --START--
INFO: Run Behavior\ShowPageTraceBehavior [ RunTime:0.001000s ]
INFO: [ app_end ] --END-- [ RunTime:0.001000s ]

[ 2017-11-08T14:13:14+08:00 ] 127.0.0.1 /admin.php/Index/user_info/uid/59
INFO: [ app_init ] --START--
INFO: Run Behavior\BuildLiteBehavior [ RunTime:0.000000s ]
INFO: [ app_init ] --END-- [ RunTime:0.001000s ]
INFO: [ app_begin ] --START--
INFO: Run Behavior\ReadHtmlCacheBehavior [ RunTime:0.001000s ]
INFO: [ app_begin ] --END-- [ RunTime:0.001000s ]
SQL: SHOW COLUMNS FROM `g_3146_admin` [ RunTime:0.0060s ]
SQL: SELECT * FROM `g_3146_admin` WHERE ( user_id = 1 ) LIMIT 1   [ RunTime:0.0010s ]
SQL: SHOW COLUMNS FROM `g_3146_user` [ RunTime:0.0050s ]
SQL: SELECT * FROM `g_3146_user` WHERE `u_id` = 59 LIMIT 1   [ RunTime:0.0000s ]
NOTIC: [8] Undefined offset: 1 D:\WorkSpace\PhpStorm\cjbyc\www\Apps\Admin\Controller\CommonController.class.php 第 136 行.
NOTIC: [8] Undefined offset: 1 D:\WorkSpace\PhpStorm\cjbyc\www\Apps\Admin\Controller\CommonController.class.php 第 136 行.
NOTIC: [8] Undefined variable: nav D:\WorkSpace\PhpStorm\cjbyc\www\Apps\Admin\Controller\CommonController.class.php 第 142 行.
INFO: [ view_parse ] --START--
INFO: [ template_filter ] --START--
INFO: Run Behavior\ContentReplaceBehavior [ RunTime:0.000000s ]
INFO: [ template_filter ] --END-- [ RunTime:0.000000s ]
INFO: Run Behavior\ParseTemplateBehavior [ RunTime:0.012001s ]
INFO: [ view_parse ] --END-- [ RunTime:0.012001s ]
INFO: [ view_filter ] --START--
INFO: Run Behavior\WriteHtmlCacheBehavior [ RunTime:0.000000s ]
INFO: [ view_filter ] --END-- [ RunTime:0.000000s ]
INFO: [ app_end ] --START--
INFO: Run Behavior\ShowPageTraceBehavior [ RunTime:0.001000s ]
INFO: [ app_end ] --END-- [ RunTime:0.001000s ]

[ 2017-11-08T14:13:16+08:00 ] 127.0.0.1 /admin.php/Index/user_list.html
INFO: [ app_init ] --START--
INFO: Run Behavior\BuildLiteBehavior [ RunTime:0.000000s ]
INFO: [ app_init ] --END-- [ RunTime:0.000000s ]
INFO: [ app_begin ] --START--
INFO: Run Behavior\ReadHtmlCacheBehavior [ RunTime:0.001000s ]
INFO: [ app_begin ] --END-- [ RunTime:0.001000s ]
SQL: SHOW COLUMNS FROM `g_3146_admin` [ RunTime:0.0050s ]
SQL: SELECT * FROM `g_3146_admin` WHERE ( user_id = 1 ) LIMIT 1   [ RunTime:0.0000s ]
NOTIC: [8] Undefined index: reg D:\WorkSpace\PhpStorm\cjbyc\www\Apps\Admin\Controller\IndexController.class.php 第 54 行.
NOTIC: [8] Undefined index: reg D:\WorkSpace\PhpStorm\cjbyc\www\Apps\Admin\Controller\IndexController.class.php 第 54 行.
SQL: SHOW COLUMNS FROM `g_3146_user` [ RunTime:0.0050s ]
SQL: SELECT COUNT(u_id) AS tp_count FROM `g_3146_user` WHERE `u_name` is not null LIMIT 1   [ RunTime:0.0010s ]
SQL: SELECT * FROM `g_3146_user` WHERE `u_name` is not null ORDER BY u_id desc LIMIT 0,20   [ RunTime:0.0010s ]
NOTIC: [8] Undefined variable: search D:\WorkSpace\PhpStorm\cjbyc\www\Apps\Admin\Controller\IndexController.class.php 第 67 行.
INFO: [ view_parse ] --START--
INFO: [ template_filter ] --START--
INFO: Run Behavior\ContentReplaceBehavior [ RunTime:0.000000s ]
INFO: [ template_filter ] --END-- [ RunTime:0.000000s ]
INFO: Run Behavior\ParseTemplateBehavior [ RunTime:0.013001s ]
INFO: [ view_parse ] --END-- [ RunTime:0.013001s ]
INFO: [ view_filter ] --START--
INFO: Run Behavior\WriteHtmlCacheBehavior [ RunTime:0.001000s ]
INFO: [ view_filter ] --END-- [ RunTime:0.001000s ]
INFO: [ app_end ] --START--
INFO: Run Behavior\ShowPageTraceBehavior [ RunTime:0.001000s ]
INFO: [ app_end ] --END-- [ RunTime:0.001000s ]

[ 2017-11-08T14:14:38+08:00 ] 127.0.0.1 /admin.php/Index/user_list.html
INFO: [ app_init ] --START--
INFO: Run Behavior\BuildLiteBehavior [ RunTime:0.000000s ]
INFO: [ app_init ] --END-- [ RunTime:0.001000s ]
INFO: [ app_begin ] --START--
INFO: Run Behavior\ReadHtmlCacheBehavior [ RunTime:0.001000s ]
INFO: [ app_begin ] --END-- [ RunTime:0.001000s ]
SQL: SHOW COLUMNS FROM `g_3146_admin` [ RunTime:0.0030s ]
SQL: SELECT * FROM `g_3146_admin` WHERE ( user_id = 1 ) LIMIT 1   [ RunTime:0.0000s ]
NOTIC: [8] Undefined index: reg D:\WorkSpace\PhpStorm\cjbyc\www\Apps\Admin\Controller\IndexController.class.php 第 54 行.
NOTIC: [8] Undefined index: reg D:\WorkSpace\PhpStorm\cjbyc\www\Apps\Admin\Controller\IndexController.class.php 第 54 行.
SQL: SHOW COLUMNS FROM `g_3146_user` [ RunTime:0.0030s ]
SQL: SELECT COUNT(u_id) AS tp_count FROM `g_3146_user` WHERE `u_name` is not null LIMIT 1   [ RunTime:0.0000s ]
SQL: SELECT * FROM `g_3146_user` WHERE `u_name` is not null ORDER BY u_id desc LIMIT 0,20   [ RunTime:0.0000s ]
NOTIC: [8] Undefined variable: search D:\WorkSpace\PhpStorm\cjbyc\www\Apps\Admin\Controller\IndexController.class.php 第 67 行.
INFO: [ view_parse ] --START--
INFO: [ template_filter ] --START--
INFO: Run Behavior\ContentReplaceBehavior [ RunTime:0.000000s ]
INFO: [ template_filter ] --END-- [ RunTime:0.000000s ]
INFO: Run Behavior\ParseTemplateBehavior [ RunTime:0.007000s ]
INFO: [ view_parse ] --END-- [ RunTime:0.007000s ]
INFO: [ view_filter ] --START--
INFO: Run Behavior\WriteHtmlCacheBehavior [ RunTime:0.000000s ]
INFO: [ view_filter ] --END-- [ RunTime:0.000000s ]
INFO: [ app_end ] --START--
INFO: Run Behavior\ShowPageTraceBehavior [ RunTime:0.000000s ]
INFO: [ app_end ] --END-- [ RunTime:0.000000s ]

[ 2017-11-08T14:14:39+08:00 ] 127.0.0.1 /admin.php/Index/user_list.html
INFO: [ app_init ] --START--
INFO: Run Behavior\BuildLiteBehavior [ RunTime:0.000000s ]
INFO: [ app_init ] --END-- [ RunTime:0.000000s ]
INFO: [ app_begin ] --START--
INFO: Run Behavior\ReadHtmlCacheBehavior [ RunTime:0.000000s ]
INFO: [ app_begin ] --END-- [ RunTime:0.000000s ]
SQL: SHOW COLUMNS FROM `g_3146_admin` [ RunTime:0.0040s ]
SQL: SELECT * FROM `g_3146_admin` WHERE ( user_id = 1 ) LIMIT 1   [ RunTime:0.0000s ]
NOTIC: [8] Undefined index: reg D:\WorkSpace\PhpStorm\cjbyc\www\Apps\Admin\Controller\IndexController.class.php 第 54 行.
NOTIC: [8] Undefined index: reg D:\WorkSpace\PhpStorm\cjbyc\www\Apps\Admin\Controller\IndexController.class.php 第 54 行.
SQL: SHOW COLUMNS FROM `g_3146_user` [ RunTime:0.0030s ]
SQL: SELECT COUNT(u_id) AS tp_count FROM `g_3146_user` WHERE `u_name` is not null LIMIT 1   [ RunTime:0.0000s ]
SQL: SELECT * FROM `g_3146_user` WHERE `u_name` is not null ORDER BY u_id desc LIMIT 0,20   [ RunTime:0.0000s ]
NOTIC: [8] Undefined variable: search D:\WorkSpace\PhpStorm\cjbyc\www\Apps\Admin\Controller\IndexController.class.php 第 67 行.
INFO: [ view_parse ] --START--
INFO: [ template_filter ] --START--
INFO: Run Behavior\ContentReplaceBehavior [ RunTime:0.001000s ]
INFO: [ template_filter ] --END-- [ RunTime:0.001000s ]
INFO: Run Behavior\ParseTemplateBehavior [ RunTime:0.008000s ]
INFO: [ view_parse ] --END-- [ RunTime:0.008000s ]
INFO: [ view_filter ] --START--
INFO: Run Behavior\WriteHtmlCacheBehavior [ RunTime:0.001000s ]
INFO: [ view_filter ] --END-- [ RunTime:0.001000s ]
INFO: [ app_end ] --START--
INFO: Run Behavior\ShowPageTraceBehavior [ RunTime:0.001000s ]
INFO: [ app_end ] --END-- [ RunTime:0.001000s ]

[ 2017-11-08T14:14:39+08:00 ] 127.0.0.1 /admin.php/Index/user_list.html
INFO: [ app_init ] --START--
INFO: Run Behavior\BuildLiteBehavior [ RunTime:0.000000s ]
INFO: [ app_init ] --END-- [ RunTime:0.000000s ]
INFO: [ app_begin ] --START--
INFO: Run Behavior\ReadHtmlCacheBehavior [ RunTime:0.000000s ]
INFO: [ app_begin ] --END-- [ RunTime:0.000000s ]
SQL: SHOW COLUMNS FROM `g_3146_admin` [ RunTime:0.0030s ]
SQL: SELECT * FROM `g_3146_admin` WHERE ( user_id = 1 ) LIMIT 1   [ RunTime:0.0000s ]
NOTIC: [8] Undefined index: reg D:\WorkSpace\PhpStorm\cjbyc\www\Apps\Admin\Controller\IndexController.class.php 第 54 行.
NOTIC: [8] Undefined index: reg D:\WorkSpace\PhpStorm\cjbyc\www\Apps\Admin\Controller\IndexController.class.php 第 54 行.
SQL: SHOW COLUMNS FROM `g_3146_user` [ RunTime:0.0030s ]
SQL: SELECT COUNT(u_id) AS tp_count FROM `g_3146_user` WHERE `u_name` is not null LIMIT 1   [ RunTime:0.0000s ]
SQL: SELECT * FROM `g_3146_user` WHERE `u_name` is not null ORDER BY u_id desc LIMIT 0,20   [ RunTime:0.0000s ]
NOTIC: [8] Undefined variable: search D:\WorkSpace\PhpStorm\cjbyc\www\Apps\Admin\Controller\IndexController.class.php 第 67 行.
INFO: [ view_parse ] --START--
INFO: [ template_filter ] --START--
INFO: Run Behavior\ContentReplaceBehavior [ RunTime:0.001000s ]
INFO: [ template_filter ] --END-- [ RunTime:0.001000s ]
INFO: Run Behavior\ParseTemplateBehavior [ RunTime:0.007001s ]
INFO: [ view_parse ] --END-- [ RunTime:0.007001s ]
INFO: [ view_filter ] --START--
INFO: Run Behavior\WriteHtmlCacheBehavior [ RunTime:0.001000s ]
INFO: [ view_filter ] --END-- [ RunTime:0.001000s ]
INFO: [ app_end ] --START--
INFO: Run Behavior\ShowPageTraceBehavior [ RunTime:0.000000s ]
INFO: [ app_end ] --END-- [ RunTime:0.000000s ]

[ 2017-11-08T14:14:39+08:00 ] 127.0.0.1 /admin.php/Index/user_list.html
INFO: [ app_init ] --START--
INFO: Run Behavior\BuildLiteBehavior [ RunTime:0.000000s ]
INFO: [ app_init ] --END-- [ RunTime:0.000000s ]
INFO: [ app_begin ] --START--
INFO: Run Behavior\ReadHtmlCacheBehavior [ RunTime:0.000000s ]
INFO: [ app_begin ] --END-- [ RunTime:0.000000s ]
SQL: SHOW COLUMNS FROM `g_3146_admin` [ RunTime:0.0030s ]
SQL: SELECT * FROM `g_3146_admin` WHERE ( user_id = 1 ) LIMIT 1   [ RunTime:0.0000s ]
NOTIC: [8] Undefined index: reg D:\WorkSpace\PhpStorm\cjbyc\www\Apps\Admin\Controller\IndexController.class.php 第 54 行.
NOTIC: [8] Undefined index: reg D:\WorkSpace\PhpStorm\cjbyc\www\Apps\Admin\Controller\IndexController.class.php 第 54 行.
SQL: SHOW COLUMNS FROM `g_3146_user` [ RunTime:0.0030s ]
SQL: SELECT COUNT(u_id) AS tp_count FROM `g_3146_user` WHERE `u_name` is not null LIMIT 1   [ RunTime:0.0000s ]
SQL: SELECT * FROM `g_3146_user` WHERE `u_name` is not null ORDER BY u_id desc LIMIT 0,20   [ RunTime:0.0000s ]
NOTIC: [8] Undefined variable: search D:\WorkSpace\PhpStorm\cjbyc\www\Apps\Admin\Controller\IndexController.class.php 第 67 行.
INFO: [ view_parse ] --START--
INFO: [ template_filter ] --START--
INFO: Run Behavior\ContentReplaceBehavior [ RunTime:0.000000s ]
INFO: [ template_filter ] --END-- [ RunTime:0.000000s ]
INFO: Run Behavior\ParseTemplateBehavior [ RunTime:0.007001s ]
INFO: [ view_parse ] --END-- [ RunTime:0.007001s ]
INFO: [ view_filter ] --START--
INFO: Run Behavior\WriteHtmlCacheBehavior [ RunTime:0.000000s ]
INFO: [ view_filter ] --END-- [ RunTime:0.000000s ]
INFO: [ app_end ] --START--
INFO: Run Behavior\ShowPageTraceBehavior [ RunTime:0.001000s ]
INFO: [ app_end ] --END-- [ RunTime:0.001000s ]

[ 2017-11-08T14:14:39+08:00 ] 127.0.0.1 /admin.php/Index/user_list.html
INFO: [ app_init ] --START--
INFO: Run Behavior\BuildLiteBehavior [ RunTime:0.000000s ]
INFO: [ app_init ] --END-- [ RunTime:0.000000s ]
INFO: [ app_begin ] --START--
INFO: Run Behavior\ReadHtmlCacheBehavior [ RunTime:0.000000s ]
INFO: [ app_begin ] --END-- [ RunTime:0.000000s ]
SQL: SHOW COLUMNS FROM `g_3146_admin` [ RunTime:0.0030s ]
SQL: SELECT * FROM `g_3146_admin` WHERE ( user_id = 1 ) LIMIT 1   [ RunTime:0.0000s ]
NOTIC: [8] Undefined index: reg D:\WorkSpace\PhpStorm\cjbyc\www\Apps\Admin\Controller\IndexController.class.php 第 54 行.
NOTIC: [8] Undefined index: reg D:\WorkSpace\PhpStorm\cjbyc\www\Apps\Admin\Controller\IndexController.class.php 第 54 行.
SQL: SHOW COLUMNS FROM `g_3146_user` [ RunTime:0.0030s ]
SQL: SELECT COUNT(u_id) AS tp_count FROM `g_3146_user` WHERE `u_name` is not null LIMIT 1   [ RunTime:0.0010s ]
SQL: SELECT * FROM `g_3146_user` WHERE `u_name` is not null ORDER BY u_id desc LIMIT 0,20   [ RunTime:0.0010s ]
NOTIC: [8] Undefined variable: search D:\WorkSpace\PhpStorm\cjbyc\www\Apps\Admin\Controller\IndexController.class.php 第 67 行.
INFO: [ view_parse ] --START--
INFO: [ template_filter ] --START--
INFO: Run Behavior\ContentReplaceBehavior [ RunTime:0.001000s ]
INFO: [ template_filter ] --END-- [ RunTime:0.001000s ]
INFO: Run Behavior\ParseTemplateBehavior [ RunTime:0.007000s ]
INFO: [ view_parse ] --END-- [ RunTime:0.007000s ]
INFO: [ view_filter ] --START--
INFO: Run Behavior\WriteHtmlCacheBehavior [ RunTime:0.001000s ]
INFO: [ view_filter ] --END-- [ RunTime:0.001000s ]
INFO: [ app_end ] --START--
INFO: Run Behavior\ShowPageTraceBehavior [ RunTime:0.000000s ]
INFO: [ app_end ] --END-- [ RunTime:0.000000s ]

[ 2017-11-08T14:14:39+08:00 ] 127.0.0.1 /admin.php/Index/user_list.html
INFO: [ app_init ] --START--
INFO: Run Behavior\BuildLiteBehavior [ RunTime:0.000000s ]
INFO: [ app_init ] --END-- [ RunTime:0.000000s ]
INFO: [ app_begin ] --START--
INFO: Run Behavior\ReadHtmlCacheBehavior [ RunTime:0.000000s ]
INFO: [ app_begin ] --END-- [ RunTime:0.000000s ]
SQL: SHOW COLUMNS FROM `g_3146_admin` [ RunTime:0.0040s ]
SQL: SELECT * FROM `g_3146_admin` WHERE ( user_id = 1 ) LIMIT 1   [ RunTime:0.0000s ]
NOTIC: [8] Undefined index: reg D:\WorkSpace\PhpStorm\cjbyc\www\Apps\Admin\Controller\IndexController.class.php 第 54 行.
NOTIC: [8] Undefined index: reg D:\WorkSpace\PhpStorm\cjbyc\www\Apps\Admin\Controller\IndexController.class.php 第 54 行.
SQL: SHOW COLUMNS FROM `g_3146_user` [ RunTime:0.0020s ]
SQL: SELECT COUNT(u_id) AS tp_count FROM `g_3146_user` WHERE `u_name` is not null LIMIT 1   [ RunTime:0.0000s ]
SQL: SELECT * FROM `g_3146_user` WHERE `u_name` is not null ORDER BY u_id desc LIMIT 0,20   [ RunTime:0.0010s ]
NOTIC: [8] Undefined variable: search D:\WorkSpace\PhpStorm\cjbyc\www\Apps\Admin\Controller\IndexController.class.php 第 67 行.
INFO: [ view_parse ] --START--
INFO: [ template_filter ] --START--
INFO: Run Behavior\ContentReplaceBehavior [ RunTime:0.000000s ]
INFO: [ template_filter ] --END-- [ RunTime:0.000000s ]
INFO: Run Behavior\ParseTemplateBehavior [ RunTime:0.008000s ]
INFO: [ view_parse ] --END-- [ RunTime:0.008000s ]
INFO: [ view_filter ] --START--
INFO: Run Behavior\WriteHtmlCacheBehavior [ RunTime:0.000000s ]
INFO: [ view_filter ] --END-- [ RunTime:0.000000s ]
INFO: [ app_end ] --START--
INFO: Run Behavior\ShowPageTraceBehavior [ RunTime:0.001000s ]
INFO: [ app_end ] --END-- [ RunTime:0.001000s ]

[ 2017-11-08T14:14:40+08:00 ] 127.0.0.1 /admin.php/Index/user_list.html
INFO: [ app_init ] --START--
INFO: Run Behavior\BuildLiteBehavior [ RunTime:0.000000s ]
INFO: [ app_init ] --END-- [ RunTime:0.001000s ]
INFO: [ app_begin ] --START--
INFO: Run Behavior\ReadHtmlCacheBehavior [ RunTime:0.001000s ]
INFO: [ app_begin ] --END-- [ RunTime:0.001000s ]
SQL: SHOW COLUMNS FROM `g_3146_admin` [ RunTime:0.0030s ]
SQL: SELECT * FROM `g_3146_admin` WHERE ( user_id = 1 ) LIMIT 1   [ RunTime:0.0000s ]
NOTIC: [8] Undefined index: reg D:\WorkSpace\PhpStorm\cjbyc\www\Apps\Admin\Controller\IndexController.class.php 第 54 行.
NOTIC: [8] Undefined index: reg D:\WorkSpace\PhpStorm\cjbyc\www\Apps\Admin\Controller\IndexController.class.php 第 54 行.
SQL: SHOW COLUMNS FROM `g_3146_user` [ RunTime:0.0030s ]
SQL: SELECT COUNT(u_id) AS tp_count FROM `g_3146_user` WHERE `u_name` is not null LIMIT 1   [ RunTime:0.0010s ]
SQL: SELECT * FROM `g_3146_user` WHERE `u_name` is not null ORDER BY u_id desc LIMIT 0,20   [ RunTime:0.0010s ]
NOTIC: [8] Undefined variable: search D:\WorkSpace\PhpStorm\cjbyc\www\Apps\Admin\Controller\IndexController.class.php 第 67 行.
INFO: [ view_parse ] --START--
INFO: [ template_filter ] --START--
INFO: Run Behavior\ContentReplaceBehavior [ RunTime:0.000000s ]
INFO: [ template_filter ] --END-- [ RunTime:0.000000s ]
INFO: Run Behavior\ParseTemplateBehavior [ RunTime:0.007001s ]
INFO: [ view_parse ] --END-- [ RunTime:0.007001s ]
INFO: [ view_filter ] --START--
INFO: Run Behavior\WriteHtmlCacheBehavior [ RunTime:0.001000s ]
INFO: [ view_filter ] --END-- [ RunTime:0.001000s ]
INFO: [ app_end ] --START--
INFO: Run Behavior\ShowPageTraceBehavior [ RunTime:0.001000s ]
INFO: [ app_end ] --END-- [ RunTime:0.001000s ]

[ 2017-11-08T14:14:40+08:00 ] 127.0.0.1 /admin.php/Index/user_list.html
INFO: [ app_init ] --START--
INFO: Run Behavior\BuildLiteBehavior [ RunTime:0.000000s ]
INFO: [ app_init ] --END-- [ RunTime:0.001000s ]
INFO: [ app_begin ] --START--
INFO: Run Behavior\ReadHtmlCacheBehavior [ RunTime:0.000000s ]
INFO: [ app_begin ] --END-- [ RunTime:0.000000s ]
SQL: SHOW COLUMNS FROM `g_3146_admin` [ RunTime:0.0020s ]
SQL: SELECT * FROM `g_3146_admin` WHERE ( user_id = 1 ) LIMIT 1   [ RunTime:0.0000s ]
NOTIC: [8] Undefined index: reg D:\WorkSpace\PhpStorm\cjbyc\www\Apps\Admin\Controller\IndexController.class.php 第 54 行.
NOTIC: [8] Undefined index: reg D:\WorkSpace\PhpStorm\cjbyc\www\Apps\Admin\Controller\IndexController.class.php 第 54 行.
SQL: SHOW COLUMNS FROM `g_3146_user` [ RunTime:0.0030s ]
SQL: SELECT COUNT(u_id) AS tp_count FROM `g_3146_user` WHERE `u_name` is not null LIMIT 1   [ RunTime:0.0010s ]
SQL: SELECT * FROM `g_3146_user` WHERE `u_name` is not null ORDER BY u_id desc LIMIT 0,20   [ RunTime:0.0010s ]
NOTIC: [8] Undefined variable: search D:\WorkSpace\PhpStorm\cjbyc\www\Apps\Admin\Controller\IndexController.class.php 第 67 行.
INFO: [ view_parse ] --START--
INFO: [ template_filter ] --START--
INFO: Run Behavior\ContentReplaceBehavior [ RunTime:0.000000s ]
INFO: [ template_filter ] --END-- [ RunTime:0.000000s ]
INFO: Run Behavior\ParseTemplateBehavior [ RunTime:0.008001s ]
INFO: [ view_parse ] --END-- [ RunTime:0.008001s ]
INFO: [ view_filter ] --START--
INFO: Run Behavior\WriteHtmlCacheBehavior [ RunTime:0.000000s ]
INFO: [ view_filter ] --END-- [ RunTime:0.000000s ]
INFO: [ app_end ] --START--
INFO: Run Behavior\ShowPageTraceBehavior [ RunTime:0.000000s ]
INFO: [ app_end ] --END-- [ RunTime:0.000000s ]

[ 2017-11-08T14:14:40+08:00 ] 127.0.0.1 /admin.php/Index/user_list.html
INFO: [ app_init ] --START--
INFO: Run Behavior\BuildLiteBehavior [ RunTime:0.000000s ]
INFO: [ app_init ] --END-- [ RunTime:0.000000s ]
INFO: [ app_begin ] --START--
INFO: Run Behavior\ReadHtmlCacheBehavior [ RunTime:0.000000s ]
INFO: [ app_begin ] --END-- [ RunTime:0.000000s ]
SQL: SHOW COLUMNS FROM `g_3146_admin` [ RunTime:0.0030s ]
SQL: SELECT * FROM `g_3146_admin` WHERE ( user_id = 1 ) LIMIT 1   [ RunTime:0.0000s ]
NOTIC: [8] Undefined index: reg D:\WorkSpace\PhpStorm\cjbyc\www\Apps\Admin\Controller\IndexController.class.php 第 54 行.
NOTIC: [8] Undefined index: reg D:\WorkSpace\PhpStorm\cjbyc\www\Apps\Admin\Controller\IndexController.class.php 第 54 行.
SQL: SHOW COLUMNS FROM `g_3146_user` [ RunTime:0.0030s ]
SQL: SELECT COUNT(u_id) AS tp_count FROM `g_3146_user` WHERE `u_name` is not null LIMIT 1   [ RunTime:0.0000s ]
SQL: SELECT * FROM `g_3146_user` WHERE `u_name` is not null ORDER BY u_id desc LIMIT 0,20   [ RunTime:0.0000s ]
NOTIC: [8] Undefined variable: search D:\WorkSpace\PhpStorm\cjbyc\www\Apps\Admin\Controller\IndexController.class.php 第 67 行.
INFO: [ view_parse ] --START--
INFO: [ template_filter ] --START--
INFO: Run Behavior\ContentReplaceBehavior [ RunTime:0.000000s ]
INFO: [ template_filter ] --END-- [ RunTime:0.000000s ]
INFO: Run Behavior\ParseTemplateBehavior [ RunTime:0.007000s ]
INFO: [ view_parse ] --END-- [ RunTime:0.007000s ]
INFO: [ view_filter ] --START--
INFO: Run Behavior\WriteHtmlCacheBehavior [ RunTime:0.000000s ]
INFO: [ view_filter ] --END-- [ RunTime:0.000000s ]
INFO: [ app_end ] --START--
INFO: Run Behavior\ShowPageTraceBehavior [ RunTime:0.001000s ]
INFO: [ app_end ] --END-- [ RunTime:0.001000s ]

[ 2017-11-08T14:14:43+08:00 ] 127.0.0.1 /admin.php/Index/user_list/p/2.html
INFO: [ app_init ] --START--
INFO: Run Behavior\BuildLiteBehavior [ RunTime:0.000000s ]
INFO: [ app_init ] --END-- [ RunTime:0.001000s ]
INFO: [ app_begin ] --START--
INFO: Run Behavior\ReadHtmlCacheBehavior [ RunTime:0.000000s ]
INFO: [ app_begin ] --END-- [ RunTime:0.000000s ]
SQL: SHOW COLUMNS FROM `g_3146_admin` [ RunTime:0.0060s ]
SQL: SELECT * FROM `g_3146_admin` WHERE ( user_id = 1 ) LIMIT 1   [ RunTime:0.0010s ]
NOTIC: [8] Undefined index: reg D:\WorkSpace\PhpStorm\cjbyc\www\Apps\Admin\Controller\IndexController.class.php 第 54 行.
NOTIC: [8] Undefined index: reg D:\WorkSpace\PhpStorm\cjbyc\www\Apps\Admin\Controller\IndexController.class.php 第 54 行.
SQL: SHOW COLUMNS FROM `g_3146_user` [ RunTime:0.0050s ]
SQL: SELECT COUNT(u_id) AS tp_count FROM `g_3146_user` WHERE `u_name` is not null LIMIT 1   [ RunTime:0.0010s ]
SQL: SELECT * FROM `g_3146_user` WHERE `u_name` is not null ORDER BY u_id desc LIMIT 20,20   [ RunTime:0.0010s ]
NOTIC: [8] Undefined variable: search D:\WorkSpace\PhpStorm\cjbyc\www\Apps\Admin\Controller\IndexController.class.php 第 67 行.
INFO: [ view_parse ] --START--
INFO: [ template_filter ] --START--
INFO: Run Behavior\ContentReplaceBehavior [ RunTime:0.000000s ]
INFO: [ template_filter ] --END-- [ RunTime:0.000000s ]
INFO: Run Behavior\ParseTemplateBehavior [ RunTime:0.013001s ]
INFO: [ view_parse ] --END-- [ RunTime:0.013001s ]
INFO: [ view_filter ] --START--
INFO: Run Behavior\WriteHtmlCacheBehavior [ RunTime:0.001000s ]
INFO: [ view_filter ] --END-- [ RunTime:0.001000s ]
INFO: [ app_end ] --START--
INFO: Run Behavior\ShowPageTraceBehavior [ RunTime:0.001000s ]
INFO: [ app_end ] --END-- [ RunTime:0.001000s ]

